{"/Users/nickrotich/Desktop/portfolio/projects/python/verified-attention/packages/store/tsdown.config.ts": {"path":"/Users/nickrotich/Desktop/portfolio/projects/python/verified-attention/packages/store/tsdown.config.ts","all":true,"statementMap":{"0":{"start":{"line":1,"column":0},"end":{"line":1,"column":38}},"1":{"start":{"line":2,"column":0},"end":{"line":2,"column":0}},"2":{"start":{"line":3,"column":0},"end":{"line":3,"column":29}},"3":{"start":{"line":4,"column":0},"end":{"line":4,"column":26}},"4":{"start":{"line":5,"column":0},"end":{"line":5,"column":18}},"5":{"start":{"line":6,"column":0},"end":{"line":6,"column":12}},"6":{"start":{"line":7,"column":0},"end":{"line":7,"column":14}},"7":{"start":{"line":8,"column":0},"end":{"line":8,"column":17}},"8":{"start":{"line":9,"column":0},"end":{"line":9,"column":3}}},"s":{"0":0,"1":0,"2":0,"3":0,"4":0,"5":0,"6":0,"7":0,"8":0},"branchMap":{"0":{"type":"branch","line":1,"loc":{"start":{"line":1,"column":0},"end":{"line":9,"column":-94}},"locations":[{"start":{"line":1,"column":0},"end":{"line":9,"column":-94}}]}},"b":{"0":[0]},"fnMap":{"0":{"name":"(empty-report)","decl":{"start":{"line":1,"column":0},"end":{"line":9,"column":-94}},"loc":{"start":{"line":1,"column":0},"end":{"line":9,"column":-94}},"line":1}},"f":{"0":0}}
,"/Users/nickrotich/Desktop/portfolio/projects/python/verified-attention/packages/store/src/evidence-store.ts": {"path":"/Users/nickrotich/Desktop/portfolio/projects/python/verified-attention/packages/store/src/evidence-store.ts","all":false,"statementMap":{"0":{"start":{"line":1,"column":0},"end":{"line":1,"column":3}},"1":{"start":{"line":2,"column":0},"end":{"line":2,"column":45}},"2":{"start":{"line":3,"column":0},"end":{"line":3,"column":2}},"3":{"start":{"line":4,"column":0},"end":{"line":4,"column":75}},"4":{"start":{"line":5,"column":0},"end":{"line":5,"column":69}},"5":{"start":{"line":6,"column":0},"end":{"line":6,"column":69}},"6":{"start":{"line":7,"column":0},"end":{"line":7,"column":2}},"7":{"start":{"line":8,"column":0},"end":{"line":8,"column":84}},"8":{"start":{"line":9,"column":0},"end":{"line":9,"column":3}},"9":{"start":{"line":10,"column":0},"end":{"line":10,"column":0}},"10":{"start":{"line":11,"column":0},"end":{"line":11,"column":36}},"11":{"start":{"line":12,"column":0},"end":{"line":12,"column":0}},"12":{"start":{"line":13,"column":0},"end":{"line":13,"column":3}},"13":{"start":{"line":14,"column":0},"end":{"line":14,"column":47}},"14":{"start":{"line":15,"column":0},"end":{"line":15,"column":64}},"15":{"start":{"line":16,"column":0},"end":{"line":16,"column":3}},"16":{"start":{"line":17,"column":0},"end":{"line":17,"column":33}},"17":{"start":{"line":18,"column":0},"end":{"line":18,"column":30}},"18":{"start":{"line":19,"column":0},"end":{"line":19,"column":29}},"19":{"start":{"line":20,"column":0},"end":{"line":20,"column":28}},"20":{"start":{"line":21,"column":0},"end":{"line":21,"column":29}},"21":{"start":{"line":22,"column":0},"end":{"line":22,"column":32}},"22":{"start":{"line":23,"column":0},"end":{"line":23,"column":30}},"23":{"start":{"line":24,"column":0},"end":{"line":24,"column":28}},"24":{"start":{"line":25,"column":0},"end":{"line":25,"column":24}},"25":{"start":{"line":26,"column":0},"end":{"line":26,"column":29}},"26":{"start":{"line":27,"column":0},"end":{"line":27,"column":28}},"27":{"start":{"line":28,"column":0},"end":{"line":28,"column":21}},"28":{"start":{"line":29,"column":0},"end":{"line":29,"column":30}},"29":{"start":{"line":30,"column":0},"end":{"line":30,"column":4}},"30":{"start":{"line":31,"column":0},"end":{"line":31,"column":29}},"31":{"start":{"line":32,"column":0},"end":{"line":32,"column":46}},"32":{"start":{"line":33,"column":0},"end":{"line":33,"column":27}},"33":{"start":{"line":34,"column":0},"end":{"line":34,"column":22}},"34":{"start":{"line":35,"column":0},"end":{"line":35,"column":23}},"35":{"start":{"line":36,"column":0},"end":{"line":36,"column":20}},"36":{"start":{"line":37,"column":0},"end":{"line":37,"column":34}},"37":{"start":{"line":38,"column":0},"end":{"line":38,"column":4}},"38":{"start":{"line":39,"column":0},"end":{"line":39,"column":1}},"39":{"start":{"line":40,"column":0},"end":{"line":40,"column":0}},"40":{"start":{"line":41,"column":0},"end":{"line":41,"column":32}},"41":{"start":{"line":42,"column":0},"end":{"line":42,"column":31}},"42":{"start":{"line":43,"column":0},"end":{"line":43,"column":0}},"43":{"start":{"line":44,"column":0},"end":{"line":44,"column":3}},"44":{"start":{"line":45,"column":0},"end":{"line":45,"column":16}},"45":{"start":{"line":46,"column":0},"end":{"line":46,"column":3}},"46":{"start":{"line":47,"column":0},"end":{"line":47,"column":39}},"47":{"start":{"line":48,"column":0},"end":{"line":48,"column":58}},"48":{"start":{"line":49,"column":0},"end":{"line":49,"column":32}},"49":{"start":{"line":50,"column":0},"end":{"line":50,"column":41}},"50":{"start":{"line":51,"column":0},"end":{"line":51,"column":22}},"51":{"start":{"line":52,"column":0},"end":{"line":52,"column":1}},"52":{"start":{"line":53,"column":0},"end":{"line":53,"column":0}},"53":{"start":{"line":54,"column":0},"end":{"line":54,"column":3}},"54":{"start":{"line":55,"column":0},"end":{"line":55,"column":36}},"55":{"start":{"line":56,"column":0},"end":{"line":56,"column":3}},"56":{"start":{"line":57,"column":0},"end":{"line":57,"column":32}},"57":{"start":{"line":58,"column":0},"end":{"line":58,"column":62}},"58":{"start":{"line":59,"column":0},"end":{"line":59,"column":50}},"59":{"start":{"line":60,"column":0},"end":{"line":60,"column":0}},"60":{"start":{"line":61,"column":0},"end":{"line":61,"column":43}},"61":{"start":{"line":62,"column":0},"end":{"line":62,"column":70}},"62":{"start":{"line":63,"column":0},"end":{"line":63,"column":0}},"63":{"start":{"line":64,"column":0},"end":{"line":64,"column":55}},"64":{"start":{"line":65,"column":0},"end":{"line":65,"column":61}},"65":{"start":{"line":66,"column":0},"end":{"line":66,"column":0}},"66":{"start":{"line":67,"column":0},"end":{"line":67,"column":43}},"67":{"start":{"line":68,"column":0},"end":{"line":68,"column":27}},"68":{"start":{"line":69,"column":0},"end":{"line":69,"column":0}},"69":{"start":{"line":70,"column":0},"end":{"line":70,"column":55}},"70":{"start":{"line":71,"column":0},"end":{"line":71,"column":75}},"71":{"start":{"line":72,"column":0},"end":{"line":72,"column":1}},"72":{"start":{"line":73,"column":0},"end":{"line":73,"column":0}},"73":{"start":{"line":74,"column":0},"end":{"line":74,"column":3}},"74":{"start":{"line":75,"column":0},"end":{"line":75,"column":61}},"75":{"start":{"line":76,"column":0},"end":{"line":76,"column":3}},"76":{"start":{"line":77,"column":0},"end":{"line":77,"column":61}},"77":{"start":{"line":78,"column":0},"end":{"line":78,"column":69}},"78":{"start":{"line":79,"column":0},"end":{"line":79,"column":64}},"79":{"start":{"line":80,"column":0},"end":{"line":80,"column":41}},"80":{"start":{"line":81,"column":0},"end":{"line":81,"column":0}},"81":{"start":{"line":82,"column":0},"end":{"line":82,"column":47}},"82":{"start":{"line":83,"column":0},"end":{"line":83,"column":66}},"83":{"start":{"line":84,"column":0},"end":{"line":84,"column":3}},"84":{"start":{"line":85,"column":0},"end":{"line":85,"column":0}},"85":{"start":{"line":86,"column":0},"end":{"line":86,"column":57}},"86":{"start":{"line":87,"column":0},"end":{"line":87,"column":31}},"87":{"start":{"line":88,"column":0},"end":{"line":88,"column":49}},"88":{"start":{"line":89,"column":0},"end":{"line":89,"column":35}},"89":{"start":{"line":90,"column":0},"end":{"line":90,"column":58}},"90":{"start":{"line":91,"column":0},"end":{"line":91,"column":19}},"91":{"start":{"line":92,"column":0},"end":{"line":92,"column":8}},"92":{"start":{"line":93,"column":0},"end":{"line":93,"column":5}},"93":{"start":{"line":94,"column":0},"end":{"line":94,"column":0}},"94":{"start":{"line":95,"column":0},"end":{"line":95,"column":23}},"95":{"start":{"line":96,"column":0},"end":{"line":96,"column":63}},"96":{"start":{"line":97,"column":0},"end":{"line":97,"column":87}},"97":{"start":{"line":98,"column":0},"end":{"line":98,"column":35}},"98":{"start":{"line":99,"column":0},"end":{"line":99,"column":82}},"99":{"start":{"line":100,"column":0},"end":{"line":100,"column":18}},"100":{"start":{"line":101,"column":0},"end":{"line":101,"column":8}},"101":{"start":{"line":102,"column":0},"end":{"line":102,"column":5}},"102":{"start":{"line":103,"column":0},"end":{"line":103,"column":0}},"103":{"start":{"line":104,"column":0},"end":{"line":104,"column":12}},"104":{"start":{"line":105,"column":0},"end":{"line":105,"column":53}},"105":{"start":{"line":106,"column":0},"end":{"line":106,"column":72}},"106":{"start":{"line":107,"column":0},"end":{"line":107,"column":40}},"107":{"start":{"line":108,"column":0},"end":{"line":108,"column":47}},"108":{"start":{"line":109,"column":0},"end":{"line":109,"column":54}},"109":{"start":{"line":110,"column":0},"end":{"line":110,"column":5}},"110":{"start":{"line":111,"column":0},"end":{"line":111,"column":3}},"111":{"start":{"line":112,"column":0},"end":{"line":112,"column":0}},"112":{"start":{"line":113,"column":0},"end":{"line":113,"column":77}},"113":{"start":{"line":114,"column":0},"end":{"line":114,"column":49}},"114":{"start":{"line":115,"column":0},"end":{"line":115,"column":48}},"115":{"start":{"line":116,"column":0},"end":{"line":116,"column":3}},"116":{"start":{"line":117,"column":0},"end":{"line":117,"column":0}},"117":{"start":{"line":118,"column":0},"end":{"line":118,"column":68}},"118":{"start":{"line":119,"column":0},"end":{"line":119,"column":43}},"119":{"start":{"line":120,"column":0},"end":{"line":120,"column":24}},"120":{"start":{"line":121,"column":0},"end":{"line":121,"column":4}},"121":{"start":{"line":122,"column":0},"end":{"line":122,"column":41}},"122":{"start":{"line":123,"column":0},"end":{"line":123,"column":27}},"123":{"start":{"line":124,"column":0},"end":{"line":124,"column":43}},"124":{"start":{"line":125,"column":0},"end":{"line":125,"column":33}},"125":{"start":{"line":126,"column":0},"end":{"line":126,"column":29}},"126":{"start":{"line":127,"column":0},"end":{"line":127,"column":7}},"127":{"start":{"line":128,"column":0},"end":{"line":128,"column":5}},"128":{"start":{"line":129,"column":0},"end":{"line":129,"column":4}},"129":{"start":{"line":130,"column":0},"end":{"line":130,"column":94}},"130":{"start":{"line":131,"column":0},"end":{"line":131,"column":19}},"131":{"start":{"line":132,"column":0},"end":{"line":132,"column":3}},"132":{"start":{"line":133,"column":0},"end":{"line":133,"column":0}},"133":{"start":{"line":134,"column":0},"end":{"line":134,"column":34}},"134":{"start":{"line":135,"column":0},"end":{"line":135,"column":30}},"135":{"start":{"line":136,"column":0},"end":{"line":136,"column":3}},"136":{"start":{"line":137,"column":0},"end":{"line":137,"column":0}},"137":{"start":{"line":138,"column":0},"end":{"line":138,"column":90}},"138":{"start":{"line":139,"column":0},"end":{"line":139,"column":55}},"139":{"start":{"line":140,"column":0},"end":{"line":140,"column":45}},"140":{"start":{"line":141,"column":0},"end":{"line":141,"column":63}},"141":{"start":{"line":142,"column":0},"end":{"line":142,"column":23}},"142":{"start":{"line":143,"column":0},"end":{"line":143,"column":5}},"143":{"start":{"line":144,"column":0},"end":{"line":144,"column":3}},"144":{"start":{"line":145,"column":0},"end":{"line":145,"column":1}},"145":{"start":{"line":146,"column":0},"end":{"line":146,"column":0}},"146":{"start":{"line":147,"column":0},"end":{"line":147,"column":3}},"147":{"start":{"line":148,"column":0},"end":{"line":148,"column":36}},"148":{"start":{"line":149,"column":0},"end":{"line":149,"column":3}},"149":{"start":{"line":150,"column":0},"end":{"line":150,"column":47}},"150":{"start":{"line":151,"column":0},"end":{"line":151,"column":62}},"151":{"start":{"line":152,"column":0},"end":{"line":152,"column":0}},"152":{"start":{"line":153,"column":0},"end":{"line":153,"column":84}},"153":{"start":{"line":154,"column":0},"end":{"line":154,"column":19}},"154":{"start":{"line":155,"column":0},"end":{"line":155,"column":21}},"155":{"start":{"line":156,"column":0},"end":{"line":156,"column":37}},"156":{"start":{"line":157,"column":0},"end":{"line":157,"column":3}},"157":{"start":{"line":158,"column":0},"end":{"line":158,"column":1}},"158":{"start":{"line":159,"column":0},"end":{"line":159,"column":0}},"159":{"start":{"line":160,"column":0},"end":{"line":160,"column":3}},"160":{"start":{"line":161,"column":0},"end":{"line":161,"column":58}},"161":{"start":{"line":162,"column":0},"end":{"line":162,"column":3}},"162":{"start":{"line":163,"column":0},"end":{"line":163,"column":84}},"163":{"start":{"line":164,"column":0},"end":{"line":164,"column":44}},"164":{"start":{"line":165,"column":0},"end":{"line":165,"column":1}},"165":{"start":{"line":166,"column":0},"end":{"line":166,"column":0}},"166":{"start":{"line":167,"column":0},"end":{"line":167,"column":3}},"167":{"start":{"line":168,"column":0},"end":{"line":168,"column":16}},"168":{"start":{"line":169,"column":0},"end":{"line":169,"column":3}},"169":{"start":{"line":170,"column":0},"end":{"line":170,"column":39}},"170":{"start":{"line":171,"column":0},"end":{"line":171,"column":58}},"171":{"start":{"line":172,"column":0},"end":{"line":172,"column":32}},"172":{"start":{"line":173,"column":0},"end":{"line":173,"column":41}},"173":{"start":{"line":174,"column":0},"end":{"line":174,"column":22}},"174":{"start":{"line":175,"column":0},"end":{"line":175,"column":1}}},"s":{"0":1,"1":1,"2":1,"3":1,"4":1,"5":1,"6":1,"7":1,"8":1,"9":1,"10":1,"11":1,"12":1,"13":1,"14":1,"15":1,"16":1,"17":1,"18":1,"19":1,"20":1,"21":1,"22":1,"23":1,"24":1,"25":1,"26":1,"27":1,"28":1,"29":1,"30":1,"31":1,"32":1,"33":1,"34":1,"35":1,"36":1,"37":1,"38":1,"39":1,"40":1,"41":1,"42":1,"43":1,"44":1,"45":1,"46":1,"47":1,"48":1,"49":1,"50":1,"51":1,"52":1,"53":1,"54":1,"55":1,"56":1,"57":1,"58":1,"59":1,"60":1,"61":1,"62":1,"63":1,"64":1,"65":1,"66":1,"67":1,"68":1,"69":1,"70":1,"71":1,"72":1,"73":1,"74":1,"75":1,"76":1,"77":1,"78":20,"79":20,"80":1,"81":1,"82":20,"83":20,"84":1,"85":1,"86":27,"87":27,"88":2,"89":2,"90":2,"91":2,"92":2,"93":25,"94":25,"95":25,"96":27,"97":2,"98":2,"99":2,"100":2,"101":2,"102":23,"103":23,"104":23,"105":27,"106":27,"107":27,"108":16,"109":16,"110":27,"111":1,"112":1,"113":3,"114":3,"115":3,"116":1,"117":1,"118":5,"119":5,"120":4,"121":4,"122":5,"123":6,"124":6,"125":6,"126":6,"127":6,"128":4,"129":4,"130":4,"131":5,"132":1,"133":1,"134":5,"135":5,"136":1,"137":1,"138":3,"139":3,"140":3,"141":4,"142":4,"143":3,"144":1,"145":1,"146":1,"147":1,"148":1,"149":1,"150":1,"151":1,"152":1,"153":7,"154":7,"155":7,"156":7,"157":1,"158":1,"159":1,"160":1,"161":1,"162":1,"163":3,"164":3,"165":1,"166":1,"167":1,"168":1,"169":1,"170":1,"171":1,"172":1,"173":1,"174":1},"branchMap":{"0":{"type":"branch","line":78,"loc":{"start":{"line":78,"column":19},"end":{"line":80,"column":41}},"locations":[{"start":{"line":78,"column":19},"end":{"line":80,"column":41}}]},"1":{"type":"branch","line":82,"loc":{"start":{"line":82,"column":2},"end":{"line":84,"column":3}},"locations":[{"start":{"line":82,"column":2},"end":{"line":84,"column":3}}]},"2":{"type":"branch","line":83,"loc":{"start":{"line":83,"column":25},"end":{"line":83,"column":58}},"locations":[{"start":{"line":83,"column":25},"end":{"line":83,"column":58}}]},"3":{"type":"branch","line":83,"loc":{"start":{"line":83,"column":34},"end":{"line":83,"column":66}},"locations":[{"start":{"line":83,"column":34},"end":{"line":83,"column":66}}]},"4":{"type":"branch","line":86,"loc":{"start":{"line":86,"column":2},"end":{"line":111,"column":3}},"locations":[{"start":{"line":86,"column":2},"end":{"line":111,"column":3}}]},"5":{"type":"branch","line":88,"loc":{"start":{"line":88,"column":48},"end":{"line":93,"column":5}},"locations":[{"start":{"line":88,"column":48},"end":{"line":93,"column":5}}]},"6":{"type":"branch","line":93,"loc":{"start":{"line":93,"column":4},"end":{"line":97,"column":40}},"locations":[{"start":{"line":93,"column":4},"end":{"line":97,"column":40}}]},"7":{"type":"branch","line":97,"loc":{"start":{"line":97,"column":27},"end":{"line":97,"column":86}},"locations":[{"start":{"line":97,"column":27},"end":{"line":97,"column":86}}]},"8":{"type":"branch","line":97,"loc":{"start":{"line":97,"column":86},"end":{"line":102,"column":5}},"locations":[{"start":{"line":97,"column":86},"end":{"line":102,"column":5}}]},"9":{"type":"branch","line":102,"loc":{"start":{"line":102,"column":4},"end":{"line":106,"column":62}},"locations":[{"start":{"line":102,"column":4},"end":{"line":106,"column":62}}]},"10":{"type":"branch","line":106,"loc":{"start":{"line":106,"column":57},"end":{"line":106,"column":72}},"locations":[{"start":{"line":106,"column":57},"end":{"line":106,"column":72}}]},"11":{"type":"branch","line":108,"loc":{"start":{"line":108,"column":46},"end":{"line":110,"column":5}},"locations":[{"start":{"line":108,"column":46},"end":{"line":110,"column":5}}]},"12":{"type":"branch","line":113,"loc":{"start":{"line":113,"column":2},"end":{"line":116,"column":3}},"locations":[{"start":{"line":113,"column":2},"end":{"line":116,"column":3}}]},"13":{"type":"branch","line":115,"loc":{"start":{"line":115,"column":22},"end":{"line":115,"column":43}},"locations":[{"start":{"line":115,"column":22},"end":{"line":115,"column":43}}]},"14":{"type":"branch","line":115,"loc":{"start":{"line":115,"column":34},"end":{"line":115,"column":48}},"locations":[{"start":{"line":115,"column":34},"end":{"line":115,"column":48}}]},"15":{"type":"branch","line":118,"loc":{"start":{"line":118,"column":2},"end":{"line":132,"column":3}},"locations":[{"start":{"line":118,"column":2},"end":{"line":132,"column":3}}]},"16":{"type":"branch","line":120,"loc":{"start":{"line":120,"column":14},"end":{"line":120,"column":24}},"locations":[{"start":{"line":120,"column":14},"end":{"line":120,"column":24}}]},"17":{"type":"branch","line":120,"loc":{"start":{"line":120,"column":22},"end":{"line":123,"column":26}},"locations":[{"start":{"line":120,"column":22},"end":{"line":123,"column":26}}]},"18":{"type":"branch","line":123,"loc":{"start":{"line":123,"column":26},"end":{"line":128,"column":5}},"locations":[{"start":{"line":123,"column":26},"end":{"line":128,"column":5}}]},"19":{"type":"branch","line":128,"loc":{"start":{"line":128,"column":4},"end":{"line":131,"column":19}},"locations":[{"start":{"line":128,"column":4},"end":{"line":131,"column":19}}]},"20":{"type":"branch","line":130,"loc":{"start":{"line":130,"column":17},"end":{"line":130,"column":92}},"locations":[{"start":{"line":130,"column":17},"end":{"line":130,"column":92}}]},"21":{"type":"branch","line":134,"loc":{"start":{"line":134,"column":2},"end":{"line":136,"column":3}},"locations":[{"start":{"line":134,"column":2},"end":{"line":136,"column":3}}]},"22":{"type":"branch","line":138,"loc":{"start":{"line":138,"column":2},"end":{"line":144,"column":3}},"locations":[{"start":{"line":138,"column":2},"end":{"line":144,"column":3}}]},"23":{"type":"branch","line":140,"loc":{"start":{"line":140,"column":18},"end":{"line":140,"column":45}},"locations":[{"start":{"line":140,"column":18},"end":{"line":140,"column":45}}]},"24":{"type":"branch","line":141,"loc":{"start":{"line":141,"column":62},"end":{"line":143,"column":5}},"locations":[{"start":{"line":141,"column":62},"end":{"line":143,"column":5}}]},"25":{"type":"branch","line":151,"loc":{"start":{"line":151,"column":11},"end":{"line":151,"column":62}},"locations":[{"start":{"line":151,"column":11},"end":{"line":151,"column":62}}]},"26":{"type":"branch","line":153,"loc":{"start":{"line":153,"column":2},"end":{"line":157,"column":3}},"locations":[{"start":{"line":153,"column":2},"end":{"line":157,"column":3}}]},"27":{"type":"branch","line":163,"loc":{"start":{"line":163,"column":7},"end":{"line":165,"column":1}},"locations":[{"start":{"line":163,"column":7},"end":{"line":165,"column":1}}]}},"b":{"0":[20],"1":[20],"2":[2],"3":[18],"4":[27],"5":[2],"6":[25],"7":[9],"8":[2],"9":[23],"10":[16],"11":[16],"12":[3],"13":[2],"14":[1],"15":[5],"16":[1],"17":[4],"18":[6],"19":[4],"20":[3],"21":[5],"22":[3],"23":[2],"24":[4],"25":[7],"26":[7],"27":[3]},"fnMap":{"0":{"name":"<instance_members_initializer>","decl":{"start":{"line":78,"column":19},"end":{"line":80,"column":41}},"loc":{"start":{"line":78,"column":19},"end":{"line":80,"column":41}},"line":78},"1":{"name":"InMemoryEvidenceStore","decl":{"start":{"line":82,"column":2},"end":{"line":84,"column":3}},"loc":{"start":{"line":82,"column":2},"end":{"line":84,"column":3}},"line":82},"2":{"name":"append","decl":{"start":{"line":86,"column":2},"end":{"line":111,"column":3}},"loc":{"start":{"line":86,"column":2},"end":{"line":111,"column":3}},"line":86},"3":{"name":"getByEvidenceId","decl":{"start":{"line":113,"column":2},"end":{"line":116,"column":3}},"loc":{"start":{"line":113,"column":2},"end":{"line":116,"column":3}},"line":113},"4":{"name":"getBySession","decl":{"start":{"line":118,"column":2},"end":{"line":132,"column":3}},"loc":{"start":{"line":118,"column":2},"end":{"line":132,"column":3}},"line":118},"5":{"name":"count","decl":{"start":{"line":134,"column":2},"end":{"line":136,"column":3}},"loc":{"start":{"line":134,"column":2},"end":{"line":136,"column":3}},"line":134},"6":{"name":"iterate","decl":{"start":{"line":138,"column":2},"end":{"line":144,"column":3}},"loc":{"start":{"line":138,"column":2},"end":{"line":144,"column":3}},"line":138},"7":{"name":"<instance_members_initializer>","decl":{"start":{"line":151,"column":11},"end":{"line":151,"column":62}},"loc":{"start":{"line":151,"column":11},"end":{"line":151,"column":62}},"line":151},"8":{"name":"EvidenceStoreError","decl":{"start":{"line":153,"column":2},"end":{"line":157,"column":3}},"loc":{"start":{"line":153,"column":2},"end":{"line":157,"column":3}},"line":153},"9":{"name":"createEvidenceStore","decl":{"start":{"line":163,"column":7},"end":{"line":165,"column":1}},"loc":{"start":{"line":163,"column":7},"end":{"line":165,"column":1}},"line":163}},"f":{"0":20,"1":20,"2":27,"3":3,"4":5,"5":5,"6":3,"7":7,"8":7,"9":3}}
,"/Users/nickrotich/Desktop/portfolio/projects/python/verified-attention/packages/store/src/index.ts": {"path":"/Users/nickrotich/Desktop/portfolio/projects/python/verified-attention/packages/store/src/index.ts","all":true,"statementMap":{"0":{"start":{"line":1,"column":0},"end":{"line":1,"column":33}}},"s":{"0":0},"branchMap":{"0":{"type":"branch","line":1,"loc":{"start":{"line":1,"column":0},"end":{"line":1,"column":14}},"locations":[{"start":{"line":1,"column":0},"end":{"line":1,"column":14}}]}},"b":{"0":[0]},"fnMap":{"0":{"name":"(empty-report)","decl":{"start":{"line":1,"column":0},"end":{"line":1,"column":14}},"loc":{"start":{"line":1,"column":0},"end":{"line":1,"column":14}},"line":1}},"f":{"0":0}}
}
