{"/Users/nickrotich/Desktop/portfolio/projects/python/verified-attention/packages/pipeline/tsdown.config.ts": {"path":"/Users/nickrotich/Desktop/portfolio/projects/python/verified-attention/packages/pipeline/tsdown.config.ts","all":true,"statementMap":{"0":{"start":{"line":1,"column":0},"end":{"line":1,"column":38}},"1":{"start":{"line":2,"column":0},"end":{"line":2,"column":0}},"2":{"start":{"line":3,"column":0},"end":{"line":3,"column":29}},"3":{"start":{"line":4,"column":0},"end":{"line":4,"column":26}},"4":{"start":{"line":5,"column":0},"end":{"line":5,"column":18}},"5":{"start":{"line":6,"column":0},"end":{"line":6,"column":12}},"6":{"start":{"line":7,"column":0},"end":{"line":7,"column":14}},"7":{"start":{"line":8,"column":0},"end":{"line":8,"column":17}},"8":{"start":{"line":9,"column":0},"end":{"line":9,"column":3}}},"s":{"0":0,"1":0,"2":0,"3":0,"4":0,"5":0,"6":0,"7":0,"8":0},"branchMap":{"0":{"type":"branch","line":1,"loc":{"start":{"line":1,"column":0},"end":{"line":9,"column":-94}},"locations":[{"start":{"line":1,"column":0},"end":{"line":9,"column":-94}}]}},"b":{"0":[0]},"fnMap":{"0":{"name":"(empty-report)","decl":{"start":{"line":1,"column":0},"end":{"line":9,"column":-94}},"loc":{"start":{"line":1,"column":0},"end":{"line":9,"column":-94}},"line":1}},"f":{"0":0}}
,"/Users/nickrotich/Desktop/portfolio/projects/python/verified-attention/packages/pipeline/src/index.ts": {"path":"/Users/nickrotich/Desktop/portfolio/projects/python/verified-attention/packages/pipeline/src/index.ts","all":true,"statementMap":{"0":{"start":{"line":1,"column":0},"end":{"line":1,"column":29}},"1":{"start":{"line":2,"column":0},"end":{"line":2,"column":32}},"2":{"start":{"line":3,"column":0},"end":{"line":3,"column":27}}},"s":{"0":0,"1":0,"2":0},"branchMap":{"0":{"type":"branch","line":1,"loc":{"start":{"line":1,"column":90},"end":{"line":3,"column":27}},"locations":[{"start":{"line":1,"column":90},"end":{"line":3,"column":27}}]}},"b":{"0":[0]},"fnMap":{"0":{"name":"(empty-report)","decl":{"start":{"line":1,"column":90},"end":{"line":3,"column":27}},"loc":{"start":{"line":1,"column":90},"end":{"line":3,"column":27}},"line":1}},"f":{"0":0}}
,"/Users/nickrotich/Desktop/portfolio/projects/python/verified-attention/packages/pipeline/src/normalization.ts": {"path":"/Users/nickrotich/Desktop/portfolio/projects/python/verified-attention/packages/pipeline/src/normalization.ts","all":false,"statementMap":{"0":{"start":{"line":1,"column":0},"end":{"line":1,"column":3}},"1":{"start":{"line":2,"column":0},"end":{"line":2,"column":41}},"2":{"start":{"line":3,"column":0},"end":{"line":3,"column":2}},"3":{"start":{"line":4,"column":0},"end":{"line":4,"column":78}},"4":{"start":{"line":5,"column":0},"end":{"line":5,"column":74}},"5":{"start":{"line":6,"column":0},"end":{"line":6,"column":50}},"6":{"start":{"line":7,"column":0},"end":{"line":7,"column":3}},"7":{"start":{"line":8,"column":0},"end":{"line":8,"column":0}},"8":{"start":{"line":9,"column":0},"end":{"line":9,"column":13}},"9":{"start":{"line":10,"column":0},"end":{"line":10,"column":14}},"10":{"start":{"line":11,"column":0},"end":{"line":11,"column":19}},"11":{"start":{"line":12,"column":0},"end":{"line":12,"column":34}},"12":{"start":{"line":13,"column":0},"end":{"line":13,"column":0}},"13":{"start":{"line":14,"column":0},"end":{"line":14,"column":3}},"14":{"start":{"line":15,"column":0},"end":{"line":15,"column":71}},"15":{"start":{"line":16,"column":0},"end":{"line":16,"column":3}},"16":{"start":{"line":17,"column":0},"end":{"line":17,"column":66}},"17":{"start":{"line":18,"column":0},"end":{"line":18,"column":32}},"18":{"start":{"line":19,"column":0},"end":{"line":19,"column":39}},"19":{"start":{"line":20,"column":0},"end":{"line":20,"column":3}},"20":{"start":{"line":21,"column":0},"end":{"line":21,"column":45}},"21":{"start":{"line":22,"column":0},"end":{"line":22,"column":1}},"22":{"start":{"line":23,"column":0},"end":{"line":23,"column":0}},"23":{"start":{"line":24,"column":0},"end":{"line":24,"column":3}},"24":{"start":{"line":25,"column":0},"end":{"line":25,"column":16}},"25":{"start":{"line":26,"column":0},"end":{"line":26,"column":3}},"26":{"start":{"line":27,"column":0},"end":{"line":27,"column":67}},"27":{"start":{"line":28,"column":0},"end":{"line":28,"column":0}},"28":{"start":{"line":29,"column":0},"end":{"line":29,"column":3}},"29":{"start":{"line":30,"column":0},"end":{"line":30,"column":33}},"30":{"start":{"line":31,"column":0},"end":{"line":31,"column":3}},"31":{"start":{"line":32,"column":0},"end":{"line":32,"column":91}},"32":{"start":{"line":33,"column":0},"end":{"line":33,"column":10}},"33":{"start":{"line":34,"column":0},"end":{"line":34,"column":25}},"34":{"start":{"line":35,"column":0},"end":{"line":35,"column":14}},"35":{"start":{"line":36,"column":0},"end":{"line":36,"column":57}},"36":{"start":{"line":37,"column":0},"end":{"line":37,"column":57}},"37":{"start":{"line":38,"column":0},"end":{"line":38,"column":42}},"38":{"start":{"line":39,"column":0},"end":{"line":39,"column":41}},"39":{"start":{"line":40,"column":0},"end":{"line":40,"column":5}},"40":{"start":{"line":41,"column":0},"end":{"line":41,"column":4}},"41":{"start":{"line":42,"column":0},"end":{"line":42,"column":1}},"42":{"start":{"line":43,"column":0},"end":{"line":43,"column":0}},"43":{"start":{"line":44,"column":0},"end":{"line":44,"column":3}},"44":{"start":{"line":45,"column":0},"end":{"line":45,"column":32}},"45":{"start":{"line":46,"column":0},"end":{"line":46,"column":3}},"46":{"start":{"line":47,"column":0},"end":{"line":47,"column":90}},"47":{"start":{"line":48,"column":0},"end":{"line":48,"column":10}},"48":{"start":{"line":49,"column":0},"end":{"line":49,"column":24}},"49":{"start":{"line":50,"column":0},"end":{"line":50,"column":14}},"50":{"start":{"line":51,"column":0},"end":{"line":51,"column":54}},"51":{"start":{"line":52,"column":0},"end":{"line":52,"column":53}},"52":{"start":{"line":53,"column":0},"end":{"line":53,"column":52}},"53":{"start":{"line":54,"column":0},"end":{"line":54,"column":5}},"54":{"start":{"line":55,"column":0},"end":{"line":55,"column":4}},"55":{"start":{"line":56,"column":0},"end":{"line":56,"column":1}},"56":{"start":{"line":57,"column":0},"end":{"line":57,"column":0}},"57":{"start":{"line":58,"column":0},"end":{"line":58,"column":3}},"58":{"start":{"line":59,"column":0},"end":{"line":59,"column":29}},"59":{"start":{"line":60,"column":0},"end":{"line":60,"column":3}},"60":{"start":{"line":61,"column":0},"end":{"line":61,"column":93}},"61":{"start":{"line":62,"column":0},"end":{"line":62,"column":10}},"62":{"start":{"line":63,"column":0},"end":{"line":63,"column":28}},"63":{"start":{"line":64,"column":0},"end":{"line":64,"column":14}},"64":{"start":{"line":65,"column":0},"end":{"line":65,"column":33}},"65":{"start":{"line":66,"column":0},"end":{"line":66,"column":52}},"66":{"start":{"line":67,"column":0},"end":{"line":67,"column":33}},"67":{"start":{"line":68,"column":0},"end":{"line":68,"column":5}},"68":{"start":{"line":69,"column":0},"end":{"line":69,"column":4}},"69":{"start":{"line":70,"column":0},"end":{"line":70,"column":1}},"70":{"start":{"line":71,"column":0},"end":{"line":71,"column":0}},"71":{"start":{"line":72,"column":0},"end":{"line":72,"column":3}},"72":{"start":{"line":73,"column":0},"end":{"line":73,"column":39}},"73":{"start":{"line":74,"column":0},"end":{"line":74,"column":3}},"74":{"start":{"line":75,"column":0},"end":{"line":75,"column":85}},"75":{"start":{"line":76,"column":0},"end":{"line":76,"column":10}},"76":{"start":{"line":77,"column":0},"end":{"line":77,"column":38}},"77":{"start":{"line":78,"column":0},"end":{"line":78,"column":14}},"78":{"start":{"line":79,"column":0},"end":{"line":79,"column":54}},"79":{"start":{"line":80,"column":0},"end":{"line":80,"column":5}},"80":{"start":{"line":81,"column":0},"end":{"line":81,"column":4}},"81":{"start":{"line":82,"column":0},"end":{"line":82,"column":1}},"82":{"start":{"line":83,"column":0},"end":{"line":83,"column":0}},"83":{"start":{"line":84,"column":0},"end":{"line":84,"column":3}},"84":{"start":{"line":85,"column":0},"end":{"line":85,"column":33}},"85":{"start":{"line":86,"column":0},"end":{"line":86,"column":3}},"86":{"start":{"line":87,"column":0},"end":{"line":87,"column":100}},"87":{"start":{"line":88,"column":0},"end":{"line":88,"column":10}},"88":{"start":{"line":89,"column":0},"end":{"line":89,"column":24}},"89":{"start":{"line":90,"column":0},"end":{"line":90,"column":14}},"90":{"start":{"line":91,"column":0},"end":{"line":91,"column":44}},"91":{"start":{"line":92,"column":0},"end":{"line":92,"column":30}},"92":{"start":{"line":93,"column":0},"end":{"line":93,"column":5}},"93":{"start":{"line":94,"column":0},"end":{"line":94,"column":4}},"94":{"start":{"line":95,"column":0},"end":{"line":95,"column":1}},"95":{"start":{"line":96,"column":0},"end":{"line":96,"column":0}},"96":{"start":{"line":97,"column":0},"end":{"line":97,"column":3}},"97":{"start":{"line":98,"column":0},"end":{"line":98,"column":31}},"98":{"start":{"line":99,"column":0},"end":{"line":99,"column":3}},"99":{"start":{"line":100,"column":0},"end":{"line":100,"column":90}},"100":{"start":{"line":101,"column":0},"end":{"line":101,"column":10}},"101":{"start":{"line":102,"column":0},"end":{"line":102,"column":32}},"102":{"start":{"line":103,"column":0},"end":{"line":103,"column":14}},"103":{"start":{"line":104,"column":0},"end":{"line":104,"column":39}},"104":{"start":{"line":105,"column":0},"end":{"line":105,"column":39}},"105":{"start":{"line":106,"column":0},"end":{"line":106,"column":39}},"106":{"start":{"line":107,"column":0},"end":{"line":107,"column":49}},"107":{"start":{"line":108,"column":0},"end":{"line":108,"column":47}},"108":{"start":{"line":109,"column":0},"end":{"line":109,"column":48}},"109":{"start":{"line":110,"column":0},"end":{"line":110,"column":5}},"110":{"start":{"line":111,"column":0},"end":{"line":111,"column":4}},"111":{"start":{"line":112,"column":0},"end":{"line":112,"column":1}},"112":{"start":{"line":113,"column":0},"end":{"line":113,"column":0}},"113":{"start":{"line":114,"column":0},"end":{"line":114,"column":3}},"114":{"start":{"line":115,"column":0},"end":{"line":115,"column":70}},"115":{"start":{"line":116,"column":0},"end":{"line":116,"column":3}},"116":{"start":{"line":117,"column":0},"end":{"line":117,"column":45}},"117":{"start":{"line":118,"column":0},"end":{"line":118,"column":29}},"118":{"start":{"line":119,"column":0},"end":{"line":119,"column":28}},"119":{"start":{"line":120,"column":0},"end":{"line":120,"column":75}},"120":{"start":{"line":121,"column":0},"end":{"line":121,"column":77}},"121":{"start":{"line":122,"column":0},"end":{"line":122,"column":77}},"122":{"start":{"line":123,"column":0},"end":{"line":123,"column":0}},"123":{"start":{"line":124,"column":0},"end":{"line":124,"column":10}},"124":{"start":{"line":125,"column":0},"end":{"line":125,"column":23}},"125":{"start":{"line":126,"column":0},"end":{"line":126,"column":24}},"126":{"start":{"line":127,"column":0},"end":{"line":127,"column":49}},"127":{"start":{"line":128,"column":0},"end":{"line":128,"column":81}},"128":{"start":{"line":129,"column":0},"end":{"line":129,"column":4}},"129":{"start":{"line":130,"column":0},"end":{"line":130,"column":1}},"130":{"start":{"line":131,"column":0},"end":{"line":131,"column":0}},"131":{"start":{"line":132,"column":0},"end":{"line":132,"column":3}},"132":{"start":{"line":133,"column":0},"end":{"line":133,"column":69}},"133":{"start":{"line":134,"column":0},"end":{"line":134,"column":3}},"134":{"start":{"line":135,"column":0},"end":{"line":135,"column":44}},"135":{"start":{"line":136,"column":0},"end":{"line":136,"column":29}},"136":{"start":{"line":137,"column":0},"end":{"line":137,"column":28}},"137":{"start":{"line":138,"column":0},"end":{"line":138,"column":86}},"138":{"start":{"line":139,"column":0},"end":{"line":139,"column":32}},"139":{"start":{"line":140,"column":0},"end":{"line":140,"column":82}},"140":{"start":{"line":141,"column":0},"end":{"line":141,"column":3}},"141":{"start":{"line":142,"column":0},"end":{"line":142,"column":0}},"142":{"start":{"line":143,"column":0},"end":{"line":143,"column":30}},"143":{"start":{"line":144,"column":0},"end":{"line":144,"column":31}},"144":{"start":{"line":145,"column":0},"end":{"line":145,"column":62}},"145":{"start":{"line":146,"column":0},"end":{"line":146,"column":93}},"146":{"start":{"line":147,"column":0},"end":{"line":147,"column":36}},"147":{"start":{"line":148,"column":0},"end":{"line":148,"column":5}},"148":{"start":{"line":149,"column":0},"end":{"line":149,"column":3}},"149":{"start":{"line":150,"column":0},"end":{"line":150,"column":59}},"150":{"start":{"line":151,"column":0},"end":{"line":151,"column":89}},"151":{"start":{"line":152,"column":0},"end":{"line":152,"column":0}},"152":{"start":{"line":153,"column":0},"end":{"line":153,"column":10}},"153":{"start":{"line":154,"column":0},"end":{"line":154,"column":86}},"154":{"start":{"line":155,"column":0},"end":{"line":155,"column":33}},"155":{"start":{"line":156,"column":0},"end":{"line":156,"column":32}},"156":{"start":{"line":157,"column":0},"end":{"line":157,"column":4}},"157":{"start":{"line":158,"column":0},"end":{"line":158,"column":1}},"158":{"start":{"line":159,"column":0},"end":{"line":159,"column":0}},"159":{"start":{"line":160,"column":0},"end":{"line":160,"column":3}},"160":{"start":{"line":161,"column":0},"end":{"line":161,"column":44}},"161":{"start":{"line":162,"column":0},"end":{"line":162,"column":80}},"162":{"start":{"line":163,"column":0},"end":{"line":163,"column":3}},"163":{"start":{"line":164,"column":0},"end":{"line":164,"column":33}},"164":{"start":{"line":165,"column":0},"end":{"line":165,"column":30}},"165":{"start":{"line":166,"column":0},"end":{"line":166,"column":19}},"166":{"start":{"line":167,"column":0},"end":{"line":167,"column":12}},"167":{"start":{"line":168,"column":0},"end":{"line":168,"column":44}},"168":{"start":{"line":169,"column":0},"end":{"line":169,"column":63}},"169":{"start":{"line":170,"column":0},"end":{"line":170,"column":83}},"170":{"start":{"line":171,"column":0},"end":{"line":171,"column":36}},"171":{"start":{"line":172,"column":0},"end":{"line":172,"column":1}}},"s":{"0":1,"1":1,"2":1,"3":1,"4":1,"5":1,"6":1,"7":1,"8":1,"9":1,"10":1,"11":1,"12":1,"13":1,"14":1,"15":1,"16":1,"17":5,"18":2,"19":2,"20":5,"21":5,"22":1,"23":1,"24":1,"25":1,"26":1,"27":1,"28":1,"29":1,"30":1,"31":1,"32":3,"33":3,"34":3,"35":3,"36":3,"37":3,"38":3,"39":3,"40":3,"41":3,"42":1,"43":1,"44":1,"45":1,"46":1,"47":3,"48":3,"49":3,"50":3,"51":3,"52":3,"53":3,"54":3,"55":3,"56":1,"57":1,"58":1,"59":1,"60":1,"61":3,"62":3,"63":3,"64":3,"65":3,"66":3,"67":3,"68":3,"69":3,"70":1,"71":1,"72":1,"73":1,"74":1,"75":3,"76":3,"77":3,"78":3,"79":3,"80":3,"81":3,"82":1,"83":1,"84":1,"85":1,"86":1,"87":3,"88":3,"89":3,"90":3,"91":3,"92":3,"93":3,"94":3,"95":1,"96":1,"97":1,"98":1,"99":1,"100":3,"101":3,"102":3,"103":3,"104":3,"105":3,"106":3,"107":3,"108":3,"109":3,"110":3,"111":3,"112":1,"113":1,"114":1,"115":1,"116":1,"117":4,"118":4,"119":4,"120":4,"121":4,"122":4,"123":4,"124":4,"125":4,"126":4,"127":4,"128":4,"129":4,"130":1,"131":1,"132":1,"133":1,"134":1,"135":3,"136":3,"137":3,"138":3,"139":1,"140":1,"141":2,"142":2,"143":3,"144":5,"145":5,"146":5,"147":5,"148":5,"149":3,"150":3,"151":3,"152":3,"153":3,"154":3,"155":3,"156":3,"157":3,"158":1,"159":1,"160":1,"161":1,"162":1,"163":1,"164":6,"165":6,"166":6,"167":6,"168":4,"169":4,"170":4,"171":4},"branchMap":{"0":{"type":"branch","line":17,"loc":{"start":{"line":17,"column":7},"end":{"line":22,"column":1}},"locations":[{"start":{"line":17,"column":7},"end":{"line":22,"column":1}}]},"1":{"type":"branch","line":18,"loc":{"start":{"line":18,"column":31},"end":{"line":20,"column":3}},"locations":[{"start":{"line":18,"column":31},"end":{"line":20,"column":3}}]},"2":{"type":"branch","line":20,"loc":{"start":{"line":20,"column":2},"end":{"line":21,"column":35}},"locations":[{"start":{"line":20,"column":2},"end":{"line":21,"column":35}}]},"3":{"type":"branch","line":20,"loc":{"start":{"line":20,"column":2},"end":{"line":21,"column":29}},"locations":[{"start":{"line":20,"column":2},"end":{"line":21,"column":29}}]},"4":{"type":"branch","line":21,"loc":{"start":{"line":21,"column":25},"end":{"line":21,"column":35}},"locations":[{"start":{"line":21,"column":25},"end":{"line":21,"column":35}}]},"5":{"type":"branch","line":21,"loc":{"start":{"line":21,"column":29},"end":{"line":21,"column":45}},"locations":[{"start":{"line":21,"column":29},"end":{"line":21,"column":45}}]},"6":{"type":"branch","line":32,"loc":{"start":{"line":32,"column":7},"end":{"line":42,"column":1}},"locations":[{"start":{"line":32,"column":7},"end":{"line":42,"column":1}}]},"7":{"type":"branch","line":36,"loc":{"start":{"line":36,"column":25},"end":{"line":36,"column":54}},"locations":[{"start":{"line":36,"column":25},"end":{"line":36,"column":54}}]},"8":{"type":"branch","line":36,"loc":{"start":{"line":36,"column":39},"end":{"line":36,"column":55}},"locations":[{"start":{"line":36,"column":39},"end":{"line":36,"column":55}}]},"9":{"type":"branch","line":37,"loc":{"start":{"line":37,"column":25},"end":{"line":37,"column":54}},"locations":[{"start":{"line":37,"column":25},"end":{"line":37,"column":54}}]},"10":{"type":"branch","line":37,"loc":{"start":{"line":37,"column":39},"end":{"line":37,"column":55}},"locations":[{"start":{"line":37,"column":39},"end":{"line":37,"column":55}}]},"11":{"type":"branch","line":38,"loc":{"start":{"line":38,"column":28},"end":{"line":38,"column":40}},"locations":[{"start":{"line":38,"column":28},"end":{"line":38,"column":40}}]},"12":{"type":"branch","line":39,"loc":{"start":{"line":39,"column":28},"end":{"line":39,"column":40}},"locations":[{"start":{"line":39,"column":28},"end":{"line":39,"column":40}}]},"13":{"type":"branch","line":47,"loc":{"start":{"line":47,"column":7},"end":{"line":56,"column":1}},"locations":[{"start":{"line":47,"column":7},"end":{"line":56,"column":1}}]},"14":{"type":"branch","line":51,"loc":{"start":{"line":51,"column":28},"end":{"line":51,"column":54}},"locations":[{"start":{"line":51,"column":28},"end":{"line":51,"column":54}}]},"15":{"type":"branch","line":52,"loc":{"start":{"line":52,"column":26},"end":{"line":52,"column":50}},"locations":[{"start":{"line":52,"column":26},"end":{"line":52,"column":50}}]},"16":{"type":"branch","line":52,"loc":{"start":{"line":52,"column":39},"end":{"line":52,"column":51}},"locations":[{"start":{"line":52,"column":39},"end":{"line":52,"column":51}}]},"17":{"type":"branch","line":53,"loc":{"start":{"line":53,"column":26},"end":{"line":53,"column":50}},"locations":[{"start":{"line":53,"column":26},"end":{"line":53,"column":50}}]},"18":{"type":"branch","line":53,"loc":{"start":{"line":53,"column":39},"end":{"line":53,"column":51}},"locations":[{"start":{"line":53,"column":39},"end":{"line":53,"column":51}}]},"19":{"type":"branch","line":61,"loc":{"start":{"line":61,"column":7},"end":{"line":70,"column":1}},"locations":[{"start":{"line":61,"column":7},"end":{"line":70,"column":1}}]},"20":{"type":"branch","line":65,"loc":{"start":{"line":65,"column":22},"end":{"line":65,"column":31}},"locations":[{"start":{"line":65,"column":22},"end":{"line":65,"column":31}}]},"21":{"type":"branch","line":66,"loc":{"start":{"line":66,"column":16},"end":{"line":66,"column":42}},"locations":[{"start":{"line":66,"column":16},"end":{"line":66,"column":42}}]},"22":{"type":"branch","line":66,"loc":{"start":{"line":66,"column":38},"end":{"line":66,"column":52}},"locations":[{"start":{"line":66,"column":38},"end":{"line":66,"column":52}}]},"23":{"type":"branch","line":75,"loc":{"start":{"line":75,"column":7},"end":{"line":82,"column":1}},"locations":[{"start":{"line":75,"column":7},"end":{"line":82,"column":1}}]},"24":{"type":"branch","line":87,"loc":{"start":{"line":87,"column":7},"end":{"line":95,"column":1}},"locations":[{"start":{"line":87,"column":7},"end":{"line":95,"column":1}}]},"25":{"type":"branch","line":91,"loc":{"start":{"line":91,"column":17},"end":{"line":91,"column":37}},"locations":[{"start":{"line":91,"column":17},"end":{"line":91,"column":37}}]},"26":{"type":"branch","line":91,"loc":{"start":{"line":91,"column":27},"end":{"line":91,"column":44}},"locations":[{"start":{"line":91,"column":27},"end":{"line":91,"column":44}}]},"27":{"type":"branch","line":100,"loc":{"start":{"line":100,"column":7},"end":{"line":112,"column":1}},"locations":[{"start":{"line":100,"column":7},"end":{"line":112,"column":1}}]},"28":{"type":"branch","line":107,"loc":{"start":{"line":107,"column":25},"end":{"line":107,"column":49}},"locations":[{"start":{"line":107,"column":25},"end":{"line":107,"column":49}}]},"29":{"type":"branch","line":108,"loc":{"start":{"line":108,"column":24},"end":{"line":108,"column":47}},"locations":[{"start":{"line":108,"column":24},"end":{"line":108,"column":47}}]},"30":{"type":"branch","line":109,"loc":{"start":{"line":109,"column":25},"end":{"line":109,"column":48}},"locations":[{"start":{"line":109,"column":25},"end":{"line":109,"column":48}}]},"31":{"type":"branch","line":117,"loc":{"start":{"line":117,"column":7},"end":{"line":130,"column":1}},"locations":[{"start":{"line":117,"column":7},"end":{"line":130,"column":1}}]},"32":{"type":"branch","line":120,"loc":{"start":{"line":120,"column":37},"end":{"line":120,"column":66}},"locations":[{"start":{"line":120,"column":37},"end":{"line":120,"column":66}}]},"33":{"type":"branch","line":121,"loc":{"start":{"line":121,"column":35},"end":{"line":121,"column":68}},"locations":[{"start":{"line":121,"column":35},"end":{"line":121,"column":68}}]},"34":{"type":"branch","line":122,"loc":{"start":{"line":122,"column":38},"end":{"line":122,"column":68}},"locations":[{"start":{"line":122,"column":38},"end":{"line":122,"column":68}}]},"35":{"type":"branch","line":135,"loc":{"start":{"line":135,"column":7},"end":{"line":158,"column":1}},"locations":[{"start":{"line":135,"column":7},"end":{"line":158,"column":1}}]},"36":{"type":"branch","line":139,"loc":{"start":{"line":139,"column":31},"end":{"line":141,"column":3}},"locations":[{"start":{"line":139,"column":31},"end":{"line":141,"column":3}}]},"37":{"type":"branch","line":141,"loc":{"start":{"line":141,"column":2},"end":{"line":144,"column":30}},"locations":[{"start":{"line":141,"column":2},"end":{"line":144,"column":30}}]},"38":{"type":"branch","line":144,"loc":{"start":{"line":144,"column":30},"end":{"line":149,"column":3}},"locations":[{"start":{"line":144,"column":30},"end":{"line":149,"column":3}}]},"39":{"type":"branch","line":147,"loc":{"start":{"line":147,"column":21},"end":{"line":147,"column":36}},"locations":[{"start":{"line":147,"column":21},"end":{"line":147,"column":36}}]},"40":{"type":"branch","line":149,"loc":{"start":{"line":149,"column":2},"end":{"line":150,"column":57}},"locations":[{"start":{"line":149,"column":2},"end":{"line":150,"column":57}}]},"41":{"type":"branch","line":150,"loc":{"start":{"line":150,"column":53},"end":{"line":150,"column":59}},"locations":[{"start":{"line":150,"column":53},"end":{"line":150,"column":59}}]},"42":{"type":"branch","line":151,"loc":{"start":{"line":151,"column":26},"end":{"line":151,"column":87}},"locations":[{"start":{"line":151,"column":26},"end":{"line":151,"column":87}}]},"43":{"type":"branch","line":151,"loc":{"start":{"line":151,"column":78},"end":{"line":151,"column":89}},"locations":[{"start":{"line":151,"column":78},"end":{"line":151,"column":89}}]},"44":{"type":"branch","line":138,"loc":{"start":{"line":138,"column":41},"end":{"line":138,"column":84}},"locations":[{"start":{"line":138,"column":41},"end":{"line":138,"column":84}}]},"45":{"type":"branch","line":151,"loc":{"start":{"line":151,"column":49},"end":{"line":151,"column":66}},"locations":[{"start":{"line":151,"column":49},"end":{"line":151,"column":66}}]},"46":{"type":"branch","line":164,"loc":{"start":{"line":164,"column":7},"end":{"line":172,"column":1}},"locations":[{"start":{"line":164,"column":7},"end":{"line":172,"column":1}}]},"47":{"type":"branch","line":168,"loc":{"start":{"line":168,"column":31},"end":{"line":168,"column":44}},"locations":[{"start":{"line":168,"column":31},"end":{"line":168,"column":44}}]},"48":{"type":"branch","line":168,"loc":{"start":{"line":168,"column":38},"end":{"line":172,"column":1}},"locations":[{"start":{"line":168,"column":38},"end":{"line":172,"column":1}}]}},"b":{"0":[5],"1":[2],"2":[4],"3":[3],"4":[2],"5":[1],"6":[3],"7":[2],"8":[1],"9":[2],"10":[1],"11":[2],"12":[2],"13":[3],"14":[1],"15":[2],"16":[1],"17":[2],"18":[1],"19":[3],"20":[1],"21":[1],"22":[2],"23":[3],"24":[3],"25":[2],"26":[1],"27":[3],"28":[1],"29":[1],"30":[1],"31":[4],"32":[57],"33":[57],"34":[57],"35":[3],"36":[1],"37":[2],"38":[5],"39":[4],"40":[2],"41":[0],"42":[2],"43":[0],"44":[6],"45":[4],"46":[6],"47":[2],"48":[4]},"fnMap":{"0":{"name":"normalizeTimestamp","decl":{"start":{"line":17,"column":7},"end":{"line":22,"column":1}},"loc":{"start":{"line":17,"column":7},"end":{"line":22,"column":1}},"line":17},"1":{"name":"normalizeBrowserScroll","decl":{"start":{"line":32,"column":7},"end":{"line":42,"column":1}},"loc":{"start":{"line":32,"column":7},"end":{"line":42,"column":1}},"line":32},"2":{"name":"normalizeBrowserClick","decl":{"start":{"line":47,"column":7},"end":{"line":56,"column":1}},"loc":{"start":{"line":47,"column":7},"end":{"line":56,"column":1}},"line":47},"3":{"name":"normalizeBrowserKeypress","decl":{"start":{"line":61,"column":7},"end":{"line":70,"column":1}},"loc":{"start":{"line":61,"column":7},"end":{"line":70,"column":1}},"line":61},"4":{"name":"normalizeViewportVisibility","decl":{"start":{"line":75,"column":7},"end":{"line":82,"column":1}},"loc":{"start":{"line":75,"column":7},"end":{"line":82,"column":1}},"line":75},"5":{"name":"normalizeBrowserFocus","decl":{"start":{"line":87,"column":7},"end":{"line":95,"column":1}},"loc":{"start":{"line":87,"column":7},"end":{"line":95,"column":1}},"line":87},"6":{"name":"normalizeDeviceMotion","decl":{"start":{"line":100,"column":7},"end":{"line":112,"column":1}},"loc":{"start":{"line":100,"column":7},"end":{"line":112,"column":1}},"line":100},"7":{"name":"aggregateInteractionEvidence","decl":{"start":{"line":117,"column":7},"end":{"line":130,"column":1}},"loc":{"start":{"line":117,"column":7},"end":{"line":130,"column":1}},"line":117},"8":{"name":"aggregateVisibilityEvidence","decl":{"start":{"line":135,"column":7},"end":{"line":158,"column":1}},"loc":{"start":{"line":135,"column":7},"end":{"line":158,"column":1}},"line":135},"9":{"name":"meetsMinimumSpan","decl":{"start":{"line":164,"column":7},"end":{"line":172,"column":1}},"loc":{"start":{"line":164,"column":7},"end":{"line":172,"column":1}},"line":164}},"f":{"0":5,"1":3,"2":3,"3":3,"4":3,"5":3,"6":3,"7":4,"8":3,"9":6}}
,"/Users/nickrotich/Desktop/portfolio/projects/python/verified-attention/packages/pipeline/src/pipeline.ts": {"path":"/Users/nickrotich/Desktop/portfolio/projects/python/verified-attention/packages/pipeline/src/pipeline.ts","all":false,"statementMap":{"0":{"start":{"line":1,"column":0},"end":{"line":1,"column":3}},"1":{"start":{"line":2,"column":0},"end":{"line":2,"column":66}},"2":{"start":{"line":3,"column":0},"end":{"line":3,"column":2}},"3":{"start":{"line":4,"column":0},"end":{"line":4,"column":69}},"4":{"start":{"line":5,"column":0},"end":{"line":5,"column":74}},"5":{"start":{"line":6,"column":0},"end":{"line":6,"column":3}},"6":{"start":{"line":7,"column":0},"end":{"line":7,"column":0}},"7":{"start":{"line":8,"column":0},"end":{"line":8,"column":8}},"8":{"start":{"line":9,"column":0},"end":{"line":9,"column":19}},"9":{"start":{"line":10,"column":0},"end":{"line":10,"column":25}},"10":{"start":{"line":11,"column":0},"end":{"line":11,"column":22}},"11":{"start":{"line":12,"column":0},"end":{"line":12,"column":28}},"12":{"start":{"line":13,"column":0},"end":{"line":13,"column":24}},"13":{"start":{"line":14,"column":0},"end":{"line":14,"column":19}},"14":{"start":{"line":15,"column":0},"end":{"line":15,"column":22}},"15":{"start":{"line":16,"column":0},"end":{"line":16,"column":8}},"16":{"start":{"line":17,"column":0},"end":{"line":17,"column":21}},"17":{"start":{"line":18,"column":0},"end":{"line":18,"column":31}},"18":{"start":{"line":19,"column":0},"end":{"line":19,"column":30}},"19":{"start":{"line":20,"column":0},"end":{"line":20,"column":19}},"20":{"start":{"line":21,"column":0},"end":{"line":21,"column":25}},"21":{"start":{"line":22,"column":0},"end":{"line":22,"column":0}},"22":{"start":{"line":23,"column":0},"end":{"line":23,"column":3}},"23":{"start":{"line":24,"column":0},"end":{"line":24,"column":28}},"24":{"start":{"line":25,"column":0},"end":{"line":25,"column":3}},"25":{"start":{"line":26,"column":0},"end":{"line":26,"column":35}},"26":{"start":{"line":27,"column":0},"end":{"line":27,"column":15}},"27":{"start":{"line":28,"column":0},"end":{"line":28,"column":59}},"28":{"start":{"line":29,"column":0},"end":{"line":29,"column":1}},"29":{"start":{"line":30,"column":0},"end":{"line":30,"column":0}},"30":{"start":{"line":31,"column":0},"end":{"line":31,"column":34}},"31":{"start":{"line":32,"column":0},"end":{"line":32,"column":20}},"32":{"start":{"line":33,"column":0},"end":{"line":33,"column":23}},"33":{"start":{"line":34,"column":0},"end":{"line":34,"column":27}},"34":{"start":{"line":35,"column":0},"end":{"line":35,"column":55}},"35":{"start":{"line":36,"column":0},"end":{"line":36,"column":1}},"36":{"start":{"line":37,"column":0},"end":{"line":37,"column":0}},"37":{"start":{"line":38,"column":0},"end":{"line":38,"column":3}},"38":{"start":{"line":39,"column":0},"end":{"line":39,"column":77}},"39":{"start":{"line":40,"column":0},"end":{"line":40,"column":3}},"40":{"start":{"line":41,"column":0},"end":{"line":41,"column":116}},"41":{"start":{"line":42,"column":0},"end":{"line":42,"column":36}},"42":{"start":{"line":43,"column":0},"end":{"line":43,"column":0}},"43":{"start":{"line":44,"column":0},"end":{"line":44,"column":55}},"44":{"start":{"line":45,"column":0},"end":{"line":45,"column":19}},"45":{"start":{"line":46,"column":0},"end":{"line":46,"column":50}},"46":{"start":{"line":47,"column":0},"end":{"line":47,"column":62}},"47":{"start":{"line":48,"column":0},"end":{"line":48,"column":115}},"48":{"start":{"line":49,"column":0},"end":{"line":49,"column":5}},"49":{"start":{"line":50,"column":0},"end":{"line":50,"column":0}},"50":{"start":{"line":51,"column":0},"end":{"line":51,"column":36}},"51":{"start":{"line":52,"column":0},"end":{"line":52,"column":69}},"52":{"start":{"line":53,"column":0},"end":{"line":53,"column":24}},"53":{"start":{"line":54,"column":0},"end":{"line":54,"column":56}},"54":{"start":{"line":55,"column":0},"end":{"line":55,"column":5}},"55":{"start":{"line":56,"column":0},"end":{"line":56,"column":0}},"56":{"start":{"line":57,"column":0},"end":{"line":57,"column":22}},"57":{"start":{"line":58,"column":0},"end":{"line":58,"column":82}},"58":{"start":{"line":59,"column":0},"end":{"line":59,"column":31}},"59":{"start":{"line":60,"column":0},"end":{"line":60,"column":57}},"60":{"start":{"line":61,"column":0},"end":{"line":61,"column":5}},"61":{"start":{"line":62,"column":0},"end":{"line":62,"column":0}},"62":{"start":{"line":63,"column":0},"end":{"line":63,"column":19}},"63":{"start":{"line":64,"column":0},"end":{"line":64,"column":58}},"64":{"start":{"line":65,"column":0},"end":{"line":65,"column":0}},"65":{"start":{"line":66,"column":0},"end":{"line":66,"column":50}},"66":{"start":{"line":67,"column":0},"end":{"line":67,"column":3}},"67":{"start":{"line":68,"column":0},"end":{"line":68,"column":1}},"68":{"start":{"line":69,"column":0},"end":{"line":69,"column":0}},"69":{"start":{"line":70,"column":0},"end":{"line":70,"column":3}},"70":{"start":{"line":71,"column":0},"end":{"line":71,"column":90}},"71":{"start":{"line":72,"column":0},"end":{"line":72,"column":3}},"72":{"start":{"line":73,"column":0},"end":{"line":73,"column":139}},"73":{"start":{"line":74,"column":0},"end":{"line":74,"column":39}},"74":{"start":{"line":75,"column":0},"end":{"line":75,"column":0}},"75":{"start":{"line":76,"column":0},"end":{"line":76,"column":76}},"76":{"start":{"line":77,"column":0},"end":{"line":77,"column":36}},"77":{"start":{"line":78,"column":0},"end":{"line":78,"column":37}},"78":{"start":{"line":79,"column":0},"end":{"line":79,"column":49}},"79":{"start":{"line":80,"column":0},"end":{"line":80,"column":66}},"80":{"start":{"line":81,"column":0},"end":{"line":81,"column":5}},"81":{"start":{"line":82,"column":0},"end":{"line":82,"column":43}},"82":{"start":{"line":83,"column":0},"end":{"line":83,"column":3}},"83":{"start":{"line":84,"column":0},"end":{"line":84,"column":1}},"84":{"start":{"line":85,"column":0},"end":{"line":85,"column":0}},"85":{"start":{"line":86,"column":0},"end":{"line":86,"column":3}},"86":{"start":{"line":87,"column":0},"end":{"line":87,"column":44}},"87":{"start":{"line":88,"column":0},"end":{"line":88,"column":3}},"88":{"start":{"line":89,"column":0},"end":{"line":89,"column":133}},"89":{"start":{"line":90,"column":0},"end":{"line":90,"column":31}},"90":{"start":{"line":91,"column":0},"end":{"line":91,"column":0}},"91":{"start":{"line":92,"column":0},"end":{"line":92,"column":66}},"92":{"start":{"line":93,"column":0},"end":{"line":93,"column":0}},"93":{"start":{"line":94,"column":0},"end":{"line":94,"column":76}},"94":{"start":{"line":95,"column":0},"end":{"line":95,"column":9}},"95":{"start":{"line":96,"column":0},"end":{"line":96,"column":46}},"96":{"start":{"line":97,"column":0},"end":{"line":97,"column":49}},"97":{"start":{"line":98,"column":0},"end":{"line":98,"column":24}},"98":{"start":{"line":99,"column":0},"end":{"line":99,"column":93}},"99":{"start":{"line":100,"column":0},"end":{"line":100,"column":5}},"100":{"start":{"line":101,"column":0},"end":{"line":101,"column":3}},"101":{"start":{"line":102,"column":0},"end":{"line":102,"column":1}},"102":{"start":{"line":103,"column":0},"end":{"line":103,"column":0}},"103":{"start":{"line":104,"column":0},"end":{"line":104,"column":3}},"104":{"start":{"line":105,"column":0},"end":{"line":105,"column":52}},"105":{"start":{"line":106,"column":0},"end":{"line":106,"column":3}},"106":{"start":{"line":107,"column":0},"end":{"line":107,"column":23}},"107":{"start":{"line":108,"column":0},"end":{"line":108,"column":54}},"108":{"start":{"line":109,"column":0},"end":{"line":109,"column":60}},"109":{"start":{"line":110,"column":0},"end":{"line":110,"column":47}},"110":{"start":{"line":111,"column":0},"end":{"line":111,"column":0}},"111":{"start":{"line":112,"column":0},"end":{"line":112,"column":14}},"112":{"start":{"line":113,"column":0},"end":{"line":113,"column":74}},"113":{"start":{"line":114,"column":0},"end":{"line":114,"column":74}},"114":{"start":{"line":115,"column":0},"end":{"line":115,"column":6}},"115":{"start":{"line":116,"column":0},"end":{"line":116,"column":0}},"116":{"start":{"line":117,"column":0},"end":{"line":117,"column":63}},"117":{"start":{"line":118,"column":0},"end":{"line":118,"column":44}},"118":{"start":{"line":119,"column":0},"end":{"line":119,"column":16}},"119":{"start":{"line":120,"column":0},"end":{"line":120,"column":3}},"120":{"start":{"line":121,"column":0},"end":{"line":121,"column":0}},"121":{"start":{"line":122,"column":0},"end":{"line":122,"column":12}},"122":{"start":{"line":123,"column":0},"end":{"line":123,"column":19}},"123":{"start":{"line":124,"column":0},"end":{"line":124,"column":61}},"124":{"start":{"line":125,"column":0},"end":{"line":125,"column":30}},"125":{"start":{"line":126,"column":0},"end":{"line":126,"column":38}},"126":{"start":{"line":127,"column":0},"end":{"line":127,"column":13}},"127":{"start":{"line":128,"column":0},"end":{"line":128,"column":36}},"128":{"start":{"line":129,"column":0},"end":{"line":129,"column":54}},"129":{"start":{"line":130,"column":0},"end":{"line":130,"column":6}},"130":{"start":{"line":131,"column":0},"end":{"line":131,"column":0}},"131":{"start":{"line":132,"column":0},"end":{"line":132,"column":26}},"132":{"start":{"line":133,"column":0},"end":{"line":133,"column":66}},"133":{"start":{"line":134,"column":0},"end":{"line":134,"column":22}},"134":{"start":{"line":135,"column":0},"end":{"line":135,"column":81}},"135":{"start":{"line":136,"column":0},"end":{"line":136,"column":5}},"136":{"start":{"line":137,"column":0},"end":{"line":137,"column":0}},"137":{"start":{"line":138,"column":0},"end":{"line":138,"column":29}},"138":{"start":{"line":139,"column":0},"end":{"line":139,"column":78}},"139":{"start":{"line":140,"column":0},"end":{"line":140,"column":22}},"140":{"start":{"line":141,"column":0},"end":{"line":141,"column":84}},"141":{"start":{"line":142,"column":0},"end":{"line":142,"column":5}},"142":{"start":{"line":143,"column":0},"end":{"line":143,"column":0}},"143":{"start":{"line":144,"column":0},"end":{"line":144,"column":32}},"144":{"start":{"line":145,"column":0},"end":{"line":145,"column":26}},"145":{"start":{"line":146,"column":0},"end":{"line":146,"column":77}},"146":{"start":{"line":147,"column":0},"end":{"line":147,"column":24}},"147":{"start":{"line":148,"column":0},"end":{"line":148,"column":78}},"148":{"start":{"line":149,"column":0},"end":{"line":149,"column":7}},"149":{"start":{"line":150,"column":0},"end":{"line":150,"column":81}},"150":{"start":{"line":151,"column":0},"end":{"line":151,"column":5}},"151":{"start":{"line":152,"column":0},"end":{"line":152,"column":0}},"152":{"start":{"line":153,"column":0},"end":{"line":153,"column":87}},"153":{"start":{"line":154,"column":0},"end":{"line":154,"column":3}},"154":{"start":{"line":155,"column":0},"end":{"line":155,"column":1}},"155":{"start":{"line":156,"column":0},"end":{"line":156,"column":0}},"156":{"start":{"line":157,"column":0},"end":{"line":157,"column":33}},"157":{"start":{"line":158,"column":0},"end":{"line":158,"column":50}},"158":{"start":{"line":159,"column":0},"end":{"line":159,"column":14}},"159":{"start":{"line":160,"column":0},"end":{"line":160,"column":17}},"160":{"start":{"line":161,"column":0},"end":{"line":161,"column":22}},"161":{"start":{"line":162,"column":0},"end":{"line":162,"column":1}},"162":{"start":{"line":163,"column":0},"end":{"line":163,"column":0}},"163":{"start":{"line":164,"column":0},"end":{"line":164,"column":3}},"164":{"start":{"line":165,"column":0},"end":{"line":165,"column":38}},"165":{"start":{"line":166,"column":0},"end":{"line":166,"column":3}},"166":{"start":{"line":167,"column":0},"end":{"line":167,"column":87}}},"s":{"0":1,"1":1,"2":1,"3":1,"4":1,"5":1,"6":1,"7":1,"8":1,"9":1,"10":1,"11":1,"12":1,"13":1,"14":1,"15":1,"16":1,"17":1,"18":1,"19":1,"20":1,"21":1,"22":1,"23":1,"24":1,"25":1,"26":1,"27":1,"28":1,"29":1,"30":1,"31":1,"32":1,"33":1,"34":1,"35":1,"36":1,"37":1,"38":1,"39":1,"40":1,"41":1,"42":1,"43":1,"44":11,"45":11,"46":11,"47":2,"48":2,"49":9,"50":9,"51":9,"52":11,"53":3,"54":3,"55":6,"56":6,"57":6,"58":11,"59":2,"60":2,"61":4,"62":4,"63":4,"64":4,"65":4,"66":11,"67":1,"68":1,"69":1,"70":1,"71":1,"72":1,"73":1,"74":1,"75":1,"76":5,"77":5,"78":5,"79":1,"80":1,"81":5,"82":5,"83":1,"84":1,"85":1,"86":1,"87":1,"88":1,"89":1,"90":1,"91":1,"92":1,"93":1,"94":4,"95":4,"96":2,"97":2,"98":2,"99":2,"100":4,"101":1,"102":1,"103":1,"104":1,"105":1,"106":1,"107":1,"108":1,"109":1,"110":1,"111":1,"112":7,"113":7,"114":7,"115":1,"116":1,"117":2,"118":2,"119":2,"120":1,"121":1,"122":7,"123":7,"124":7,"125":7,"126":7,"127":7,"128":7,"129":7,"130":7,"131":7,"132":7,"133":7,"134":4,"135":4,"136":3,"137":3,"138":3,"139":7,"140":0,"141":0,"142":3,"143":3,"144":7,"145":2,"146":2,"147":1,"148":1,"149":1,"150":1,"151":1,"152":1,"153":7,"154":1,"155":1,"156":1,"157":1,"158":1,"159":1,"160":1,"161":1,"162":1,"163":1,"164":1,"165":1,"166":1},"branchMap":{"0":{"type":"branch","line":42,"loc":{"start":{"line":42,"column":11},"end":{"line":42,"column":36}},"locations":[{"start":{"line":42,"column":11},"end":{"line":42,"column":36}}]},"1":{"type":"branch","line":44,"loc":{"start":{"line":44,"column":2},"end":{"line":67,"column":3}},"locations":[{"start":{"line":44,"column":2},"end":{"line":67,"column":3}}]},"2":{"type":"branch","line":47,"loc":{"start":{"line":47,"column":61},"end":{"line":49,"column":5}},"locations":[{"start":{"line":47,"column":61},"end":{"line":49,"column":5}}]},"3":{"type":"branch","line":49,"loc":{"start":{"line":49,"column":4},"end":{"line":53,"column":23}},"locations":[{"start":{"line":49,"column":4},"end":{"line":53,"column":23}}]},"4":{"type":"branch","line":53,"loc":{"start":{"line":53,"column":23},"end":{"line":55,"column":5}},"locations":[{"start":{"line":53,"column":23},"end":{"line":55,"column":5}}]},"5":{"type":"branch","line":54,"loc":{"start":{"line":54,"column":41},"end":{"line":54,"column":54}},"locations":[{"start":{"line":54,"column":41},"end":{"line":54,"column":54}}]},"6":{"type":"branch","line":55,"loc":{"start":{"line":55,"column":4},"end":{"line":59,"column":30}},"locations":[{"start":{"line":55,"column":4},"end":{"line":59,"column":30}}]},"7":{"type":"branch","line":59,"loc":{"start":{"line":59,"column":30},"end":{"line":61,"column":5}},"locations":[{"start":{"line":59,"column":30},"end":{"line":61,"column":5}}]},"8":{"type":"branch","line":61,"loc":{"start":{"line":61,"column":4},"end":{"line":66,"column":50}},"locations":[{"start":{"line":61,"column":4},"end":{"line":66,"column":50}}]},"9":{"type":"branch","line":74,"loc":{"start":{"line":74,"column":11},"end":{"line":74,"column":39}},"locations":[{"start":{"line":74,"column":11},"end":{"line":74,"column":39}}]},"10":{"type":"branch","line":76,"loc":{"start":{"line":76,"column":2},"end":{"line":83,"column":3}},"locations":[{"start":{"line":76,"column":2},"end":{"line":83,"column":3}}]},"11":{"type":"branch","line":79,"loc":{"start":{"line":79,"column":48},"end":{"line":81,"column":5}},"locations":[{"start":{"line":79,"column":48},"end":{"line":81,"column":5}}]},"12":{"type":"branch","line":92,"loc":{"start":{"line":92,"column":2},"end":{"line":92,"column":66}},"locations":[{"start":{"line":92,"column":2},"end":{"line":92,"column":66}}]},"13":{"type":"branch","line":92,"loc":{"start":{"line":92,"column":65},"end":{"line":92,"column":66}},"locations":[{"start":{"line":92,"column":65},"end":{"line":92,"column":66}}]},"14":{"type":"branch","line":94,"loc":{"start":{"line":94,"column":2},"end":{"line":101,"column":3}},"locations":[{"start":{"line":94,"column":2},"end":{"line":101,"column":3}}]},"15":{"type":"branch","line":96,"loc":{"start":{"line":96,"column":44},"end":{"line":100,"column":5}},"locations":[{"start":{"line":96,"column":44},"end":{"line":100,"column":5}}]},"16":{"type":"branch","line":112,"loc":{"start":{"line":112,"column":2},"end":{"line":115,"column":6}},"locations":[{"start":{"line":112,"column":2},"end":{"line":115,"column":6}}]},"17":{"type":"branch","line":117,"loc":{"start":{"line":117,"column":2},"end":{"line":120,"column":3}},"locations":[{"start":{"line":117,"column":2},"end":{"line":120,"column":3}}]},"18":{"type":"branch","line":122,"loc":{"start":{"line":122,"column":2},"end":{"line":154,"column":3}},"locations":[{"start":{"line":122,"column":2},"end":{"line":154,"column":3}}]},"19":{"type":"branch","line":134,"loc":{"start":{"line":134,"column":21},"end":{"line":136,"column":5}},"locations":[{"start":{"line":134,"column":21},"end":{"line":136,"column":5}}]},"20":{"type":"branch","line":136,"loc":{"start":{"line":136,"column":4},"end":{"line":140,"column":21}},"locations":[{"start":{"line":136,"column":4},"end":{"line":140,"column":21}}]},"21":{"type":"branch","line":140,"loc":{"start":{"line":140,"column":21},"end":{"line":142,"column":5}},"locations":[{"start":{"line":140,"column":21},"end":{"line":142,"column":5}}]},"22":{"type":"branch","line":142,"loc":{"start":{"line":142,"column":4},"end":{"line":145,"column":25}},"locations":[{"start":{"line":142,"column":4},"end":{"line":145,"column":25}}]},"23":{"type":"branch","line":145,"loc":{"start":{"line":145,"column":25},"end":{"line":151,"column":5}},"locations":[{"start":{"line":145,"column":25},"end":{"line":151,"column":5}}]},"24":{"type":"branch","line":147,"loc":{"start":{"line":147,"column":23},"end":{"line":151,"column":5}},"locations":[{"start":{"line":147,"column":23},"end":{"line":151,"column":5}}]},"25":{"type":"branch","line":151,"loc":{"start":{"line":151,"column":4},"end":{"line":153,"column":87}},"locations":[{"start":{"line":151,"column":4},"end":{"line":153,"column":87}}]}},"b":{"0":[12],"1":[11],"2":[2],"3":[9],"4":[3],"5":[0],"6":[6],"7":[2],"8":[4],"9":[10],"10":[5],"11":[1],"12":[5],"13":[5],"14":[4],"15":[2],"16":[7],"17":[2],"18":[7],"19":[4],"20":[3],"21":[0],"22":[3],"23":[2],"24":[1],"25":[1]},"fnMap":{"0":{"name":"<instance_members_initializer>","decl":{"start":{"line":42,"column":11},"end":{"line":42,"column":36}},"loc":{"start":{"line":42,"column":11},"end":{"line":42,"column":36}},"line":42},"1":{"name":"process","decl":{"start":{"line":44,"column":2},"end":{"line":67,"column":3}},"loc":{"start":{"line":44,"column":2},"end":{"line":67,"column":3}},"line":44},"2":{"name":"<instance_members_initializer>","decl":{"start":{"line":74,"column":11},"end":{"line":74,"column":39}},"loc":{"start":{"line":74,"column":11},"end":{"line":74,"column":39}},"line":74},"3":{"name":"process","decl":{"start":{"line":76,"column":2},"end":{"line":83,"column":3}},"loc":{"start":{"line":76,"column":2},"end":{"line":83,"column":3}},"line":76},"4":{"name":"StoreStage","decl":{"start":{"line":92,"column":2},"end":{"line":92,"column":66}},"loc":{"start":{"line":92,"column":2},"end":{"line":92,"column":66}},"line":92},"5":{"name":"<instance_members_initializer>","decl":{"start":{"line":92,"column":65},"end":{"line":92,"column":66}},"loc":{"start":{"line":92,"column":65},"end":{"line":92,"column":66}},"line":92},"6":{"name":"process","decl":{"start":{"line":94,"column":2},"end":{"line":101,"column":3}},"loc":{"start":{"line":94,"column":2},"end":{"line":101,"column":3}},"line":94},"7":{"name":"Pipeline","decl":{"start":{"line":112,"column":2},"end":{"line":115,"column":6}},"loc":{"start":{"line":112,"column":2},"end":{"line":115,"column":6}},"line":112},"8":{"name":"attachStore","decl":{"start":{"line":117,"column":2},"end":{"line":120,"column":3}},"loc":{"start":{"line":117,"column":2},"end":{"line":120,"column":3}},"line":117},"9":{"name":"run","decl":{"start":{"line":122,"column":2},"end":{"line":154,"column":3}},"loc":{"start":{"line":122,"column":2},"end":{"line":154,"column":3}},"line":122}},"f":{"0":12,"1":11,"2":10,"3":5,"4":5,"5":5,"6":4,"7":7,"8":2,"9":7}}
,"/Users/nickrotich/Desktop/portfolio/projects/python/verified-attention/packages/pipeline/src/validation.ts": {"path":"/Users/nickrotich/Desktop/portfolio/projects/python/verified-attention/packages/pipeline/src/validation.ts","all":false,"statementMap":{"0":{"start":{"line":1,"column":0},"end":{"line":1,"column":3}},"1":{"start":{"line":2,"column":0},"end":{"line":2,"column":38}},"2":{"start":{"line":3,"column":0},"end":{"line":3,"column":3}},"3":{"start":{"line":4,"column":0},"end":{"line":4,"column":66}},"4":{"start":{"line":5,"column":0},"end":{"line":5,"column":65}},"5":{"start":{"line":6,"column":0},"end":{"line":6,"column":84}},"6":{"start":{"line":7,"column":0},"end":{"line":7,"column":50}},"7":{"start":{"line":8,"column":0},"end":{"line":8,"column":66}},"8":{"start":{"line":9,"column":0},"end":{"line":9,"column":3}},"9":{"start":{"line":10,"column":0},"end":{"line":10,"column":0}},"10":{"start":{"line":11,"column":0},"end":{"line":11,"column":24}},"11":{"start":{"line":12,"column":0},"end":{"line":12,"column":8}},"12":{"start":{"line":13,"column":0},"end":{"line":13,"column":17}},"13":{"start":{"line":14,"column":0},"end":{"line":14,"column":33}},"14":{"start":{"line":15,"column":0},"end":{"line":15,"column":32}},"15":{"start":{"line":16,"column":0},"end":{"line":16,"column":18}},"16":{"start":{"line":17,"column":0},"end":{"line":17,"column":18}},"17":{"start":{"line":18,"column":0},"end":{"line":18,"column":34}},"18":{"start":{"line":19,"column":0},"end":{"line":19,"column":0}},"19":{"start":{"line":20,"column":0},"end":{"line":20,"column":3}},"20":{"start":{"line":21,"column":0},"end":{"line":21,"column":35}},"21":{"start":{"line":22,"column":0},"end":{"line":22,"column":3}},"22":{"start":{"line":23,"column":0},"end":{"line":23,"column":39}},"23":{"start":{"line":24,"column":0},"end":{"line":24,"column":19}},"24":{"start":{"line":25,"column":0},"end":{"line":25,"column":22}},"25":{"start":{"line":26,"column":0},"end":{"line":26,"column":24}},"26":{"start":{"line":27,"column":0},"end":{"line":27,"column":1}},"27":{"start":{"line":28,"column":0},"end":{"line":28,"column":0}},"28":{"start":{"line":29,"column":0},"end":{"line":29,"column":68}},"29":{"start":{"line":30,"column":0},"end":{"line":30,"column":32}},"30":{"start":{"line":31,"column":0},"end":{"line":31,"column":29}},"31":{"start":{"line":32,"column":0},"end":{"line":32,"column":19}},"32":{"start":{"line":33,"column":0},"end":{"line":33,"column":2}},"33":{"start":{"line":34,"column":0},"end":{"line":34,"column":0}},"34":{"start":{"line":35,"column":0},"end":{"line":35,"column":3}},"35":{"start":{"line":36,"column":0},"end":{"line":36,"column":51}},"36":{"start":{"line":37,"column":0},"end":{"line":37,"column":3}},"37":{"start":{"line":38,"column":0},"end":{"line":38,"column":33}},"38":{"start":{"line":39,"column":0},"end":{"line":39,"column":36}},"39":{"start":{"line":40,"column":0},"end":{"line":40,"column":40}},"40":{"start":{"line":41,"column":0},"end":{"line":41,"column":40}},"41":{"start":{"line":42,"column":0},"end":{"line":42,"column":44}},"42":{"start":{"line":43,"column":0},"end":{"line":43,"column":38}},"43":{"start":{"line":44,"column":0},"end":{"line":44,"column":44}},"44":{"start":{"line":45,"column":0},"end":{"line":45,"column":34}},"45":{"start":{"line":46,"column":0},"end":{"line":46,"column":42}},"46":{"start":{"line":47,"column":0},"end":{"line":47,"column":31}},"47":{"start":{"line":48,"column":0},"end":{"line":48,"column":1}},"48":{"start":{"line":49,"column":0},"end":{"line":49,"column":0}},"49":{"start":{"line":50,"column":0},"end":{"line":50,"column":3}},"50":{"start":{"line":51,"column":0},"end":{"line":51,"column":43}},"51":{"start":{"line":52,"column":0},"end":{"line":52,"column":3}},"52":{"start":{"line":53,"column":0},"end":{"line":53,"column":35}},"53":{"start":{"line":54,"column":0},"end":{"line":54,"column":17}},"54":{"start":{"line":55,"column":0},"end":{"line":55,"column":21}},"55":{"start":{"line":56,"column":0},"end":{"line":56,"column":17}},"56":{"start":{"line":57,"column":0},"end":{"line":57,"column":30}},"57":{"start":{"line":58,"column":0},"end":{"line":58,"column":20}},"58":{"start":{"line":59,"column":0},"end":{"line":59,"column":19}},"59":{"start":{"line":60,"column":0},"end":{"line":60,"column":5}},"60":{"start":{"line":61,"column":0},"end":{"line":61,"column":1}},"61":{"start":{"line":62,"column":0},"end":{"line":62,"column":0}},"62":{"start":{"line":63,"column":0},"end":{"line":63,"column":3}},"63":{"start":{"line":64,"column":0},"end":{"line":64,"column":25}},"64":{"start":{"line":65,"column":0},"end":{"line":65,"column":3}},"65":{"start":{"line":66,"column":0},"end":{"line":66,"column":30}},"66":{"start":{"line":67,"column":0},"end":{"line":67,"column":36}},"67":{"start":{"line":68,"column":0},"end":{"line":68,"column":33}},"68":{"start":{"line":69,"column":0},"end":{"line":69,"column":40}},"69":{"start":{"line":70,"column":0},"end":{"line":70,"column":26}},"70":{"start":{"line":71,"column":0},"end":{"line":71,"column":1}},"71":{"start":{"line":72,"column":0},"end":{"line":72,"column":0}},"72":{"start":{"line":73,"column":0},"end":{"line":73,"column":3}},"73":{"start":{"line":74,"column":0},"end":{"line":74,"column":49}},"74":{"start":{"line":75,"column":0},"end":{"line":75,"column":3}},"75":{"start":{"line":76,"column":0},"end":{"line":76,"column":57}},"76":{"start":{"line":77,"column":0},"end":{"line":77,"column":42}},"77":{"start":{"line":78,"column":0},"end":{"line":78,"column":0}},"78":{"start":{"line":79,"column":0},"end":{"line":79,"column":43}},"79":{"start":{"line":80,"column":0},"end":{"line":80,"column":30}},"80":{"start":{"line":81,"column":0},"end":{"line":81,"column":3}},"81":{"start":{"line":82,"column":0},"end":{"line":82,"column":0}},"82":{"start":{"line":83,"column":0},"end":{"line":83,"column":59}},"83":{"start":{"line":84,"column":0},"end":{"line":84,"column":29}},"84":{"start":{"line":85,"column":0},"end":{"line":85,"column":3}},"85":{"start":{"line":86,"column":0},"end":{"line":86,"column":0}},"86":{"start":{"line":87,"column":0},"end":{"line":87,"column":47}},"87":{"start":{"line":88,"column":0},"end":{"line":88,"column":39}},"88":{"start":{"line":89,"column":0},"end":{"line":89,"column":49}},"89":{"start":{"line":90,"column":0},"end":{"line":90,"column":38}},"90":{"start":{"line":91,"column":0},"end":{"line":91,"column":5}},"91":{"start":{"line":92,"column":0},"end":{"line":92,"column":3}},"92":{"start":{"line":93,"column":0},"end":{"line":93,"column":0}},"93":{"start":{"line":94,"column":0},"end":{"line":94,"column":33}},"94":{"start":{"line":95,"column":0},"end":{"line":95,"column":27}},"95":{"start":{"line":96,"column":0},"end":{"line":96,"column":3}},"96":{"start":{"line":97,"column":0},"end":{"line":97,"column":1}},"97":{"start":{"line":98,"column":0},"end":{"line":98,"column":0}},"98":{"start":{"line":99,"column":0},"end":{"line":99,"column":3}},"99":{"start":{"line":100,"column":0},"end":{"line":100,"column":63}},"100":{"start":{"line":101,"column":0},"end":{"line":101,"column":3}},"101":{"start":{"line":102,"column":0},"end":{"line":102,"column":33}},"102":{"start":{"line":103,"column":0},"end":{"line":103,"column":20}},"103":{"start":{"line":104,"column":0},"end":{"line":104,"column":45}},"104":{"start":{"line":105,"column":0},"end":{"line":105,"column":51}},"105":{"start":{"line":106,"column":0},"end":{"line":106,"column":65}},"106":{"start":{"line":107,"column":0},"end":{"line":107,"column":93}},"107":{"start":{"line":108,"column":0},"end":{"line":108,"column":0}},"108":{"start":{"line":109,"column":0},"end":{"line":109,"column":22}},"109":{"start":{"line":110,"column":0},"end":{"line":110,"column":52}},"110":{"start":{"line":111,"column":0},"end":{"line":111,"column":24}},"111":{"start":{"line":112,"column":0},"end":{"line":112,"column":12}},"112":{"start":{"line":113,"column":0},"end":{"line":113,"column":19}},"113":{"start":{"line":114,"column":0},"end":{"line":114,"column":61}},"114":{"start":{"line":115,"column":0},"end":{"line":115,"column":96}},"115":{"start":{"line":116,"column":0},"end":{"line":116,"column":6}},"116":{"start":{"line":117,"column":0},"end":{"line":117,"column":3}},"117":{"start":{"line":118,"column":0},"end":{"line":118,"column":0}},"118":{"start":{"line":119,"column":0},"end":{"line":119,"column":25}},"119":{"start":{"line":120,"column":0},"end":{"line":120,"column":36}},"120":{"start":{"line":121,"column":0},"end":{"line":121,"column":87}},"121":{"start":{"line":122,"column":0},"end":{"line":122,"column":3}},"122":{"start":{"line":123,"column":0},"end":{"line":123,"column":0}},"123":{"start":{"line":124,"column":0},"end":{"line":124,"column":27}},"124":{"start":{"line":125,"column":0},"end":{"line":125,"column":25}},"125":{"start":{"line":126,"column":0},"end":{"line":126,"column":54}},"126":{"start":{"line":127,"column":0},"end":{"line":127,"column":0}},"127":{"start":{"line":128,"column":0},"end":{"line":128,"column":41}},"128":{"start":{"line":129,"column":0},"end":{"line":129,"column":17}},"129":{"start":{"line":130,"column":0},"end":{"line":130,"column":26}},"130":{"start":{"line":131,"column":0},"end":{"line":131,"column":99}},"131":{"start":{"line":132,"column":0},"end":{"line":132,"column":7}},"132":{"start":{"line":133,"column":0},"end":{"line":133,"column":3}},"133":{"start":{"line":134,"column":0},"end":{"line":134,"column":0}},"134":{"start":{"line":135,"column":0},"end":{"line":135,"column":38}},"135":{"start":{"line":136,"column":0},"end":{"line":136,"column":17}},"136":{"start":{"line":137,"column":0},"end":{"line":137,"column":31}},"137":{"start":{"line":138,"column":0},"end":{"line":138,"column":86}},"138":{"start":{"line":139,"column":0},"end":{"line":139,"column":7}},"139":{"start":{"line":140,"column":0},"end":{"line":140,"column":3}},"140":{"start":{"line":141,"column":0},"end":{"line":141,"column":0}},"141":{"start":{"line":142,"column":0},"end":{"line":142,"column":10}},"142":{"start":{"line":143,"column":0},"end":{"line":143,"column":31}},"143":{"start":{"line":144,"column":0},"end":{"line":144,"column":30}},"144":{"start":{"line":145,"column":0},"end":{"line":145,"column":50}},"145":{"start":{"line":146,"column":0},"end":{"line":146,"column":4}},"146":{"start":{"line":147,"column":0},"end":{"line":147,"column":1}},"147":{"start":{"line":148,"column":0},"end":{"line":148,"column":0}},"148":{"start":{"line":149,"column":0},"end":{"line":149,"column":3}},"149":{"start":{"line":150,"column":0},"end":{"line":150,"column":58}},"150":{"start":{"line":151,"column":0},"end":{"line":151,"column":3}},"151":{"start":{"line":152,"column":0},"end":{"line":152,"column":39}},"152":{"start":{"line":153,"column":0},"end":{"line":153,"column":37}},"153":{"start":{"line":154,"column":0},"end":{"line":154,"column":22}},"154":{"start":{"line":155,"column":0},"end":{"line":155,"column":109}},"155":{"start":{"line":156,"column":0},"end":{"line":156,"column":124}},"156":{"start":{"line":157,"column":0},"end":{"line":157,"column":26}},"157":{"start":{"line":158,"column":0},"end":{"line":158,"column":36}},"158":{"start":{"line":159,"column":0},"end":{"line":159,"column":40}},"159":{"start":{"line":160,"column":0},"end":{"line":160,"column":26}},"160":{"start":{"line":161,"column":0},"end":{"line":161,"column":25}},"161":{"start":{"line":162,"column":0},"end":{"line":162,"column":65}},"162":{"start":{"line":163,"column":0},"end":{"line":163,"column":13}},"163":{"start":{"line":164,"column":0},"end":{"line":164,"column":4}},"164":{"start":{"line":165,"column":0},"end":{"line":165,"column":0}},"165":{"start":{"line":166,"column":0},"end":{"line":166,"column":46}},"166":{"start":{"line":167,"column":0},"end":{"line":167,"column":64}},"167":{"start":{"line":168,"column":0},"end":{"line":168,"column":25}},"168":{"start":{"line":169,"column":0},"end":{"line":169,"column":24}},"169":{"start":{"line":170,"column":0},"end":{"line":170,"column":30}},"170":{"start":{"line":171,"column":0},"end":{"line":171,"column":97}},"171":{"start":{"line":172,"column":0},"end":{"line":172,"column":7}},"172":{"start":{"line":173,"column":0},"end":{"line":173,"column":3}},"173":{"start":{"line":174,"column":0},"end":{"line":174,"column":0}},"174":{"start":{"line":175,"column":0},"end":{"line":175,"column":16}},"175":{"start":{"line":176,"column":0},"end":{"line":176,"column":1}}},"s":{"0":1,"1":1,"2":1,"3":1,"4":1,"5":1,"6":1,"7":1,"8":1,"9":1,"10":1,"11":1,"12":1,"13":1,"14":1,"15":1,"16":1,"17":1,"18":1,"19":1,"20":1,"21":1,"22":1,"23":1,"24":1,"25":1,"26":1,"27":1,"28":1,"29":1,"30":1,"31":1,"32":1,"33":1,"34":1,"35":1,"36":1,"37":1,"38":1,"39":1,"40":1,"41":1,"42":1,"43":1,"44":1,"45":1,"46":1,"47":1,"48":1,"49":1,"50":1,"51":1,"52":1,"53":1,"54":1,"55":1,"56":1,"57":1,"58":1,"59":1,"60":1,"61":1,"62":1,"63":1,"64":1,"65":1,"66":1,"67":1,"68":1,"69":1,"70":1,"71":1,"72":1,"73":1,"74":1,"75":1,"76":1,"77":1,"78":1,"79":13,"80":13,"81":1,"82":1,"83":14,"84":14,"85":1,"86":1,"87":2,"88":2,"89":2,"90":2,"91":2,"92":1,"93":1,"94":5,"95":5,"96":1,"97":1,"98":1,"99":1,"100":1,"101":1,"102":27,"103":27,"104":27,"105":27,"106":27,"107":27,"108":27,"109":27,"110":27,"111":10,"112":10,"113":10,"114":10,"115":10,"116":10,"117":17,"118":17,"119":27,"120":0,"121":0,"122":17,"123":17,"124":17,"125":17,"126":17,"127":27,"128":1,"129":1,"130":1,"131":1,"132":1,"133":17,"134":27,"135":3,"136":3,"137":3,"138":3,"139":3,"140":17,"141":17,"142":17,"143":17,"144":27,"145":27,"146":27,"147":1,"148":1,"149":1,"150":1,"151":1,"152":12,"153":12,"154":12,"155":12,"156":12,"157":12,"158":12,"159":2,"160":2,"161":2,"162":12,"163":12,"164":12,"165":12,"166":12,"167":5,"168":5,"169":5,"170":5,"171":5,"172":5,"173":12,"174":12,"175":12},"branchMap":{"0":{"type":"branch","line":38,"loc":{"start":{"line":38,"column":7},"end":{"line":38,"column":33}},"locations":[{"start":{"line":38,"column":7},"end":{"line":38,"column":33}}]},"1":{"type":"branch","line":77,"loc":{"start":{"line":77,"column":10},"end":{"line":77,"column":42}},"locations":[{"start":{"line":77,"column":10},"end":{"line":77,"column":42}}]},"2":{"type":"branch","line":79,"loc":{"start":{"line":79,"column":2},"end":{"line":81,"column":3}},"locations":[{"start":{"line":79,"column":2},"end":{"line":81,"column":3}}]},"3":{"type":"branch","line":83,"loc":{"start":{"line":83,"column":2},"end":{"line":85,"column":3}},"locations":[{"start":{"line":83,"column":2},"end":{"line":85,"column":3}}]},"4":{"type":"branch","line":87,"loc":{"start":{"line":87,"column":2},"end":{"line":92,"column":3}},"locations":[{"start":{"line":87,"column":2},"end":{"line":92,"column":3}}]},"5":{"type":"branch","line":94,"loc":{"start":{"line":94,"column":2},"end":{"line":96,"column":3}},"locations":[{"start":{"line":94,"column":2},"end":{"line":96,"column":3}}]},"6":{"type":"branch","line":102,"loc":{"start":{"line":102,"column":7},"end":{"line":147,"column":1}},"locations":[{"start":{"line":102,"column":7},"end":{"line":147,"column":1}}]},"7":{"type":"branch","line":111,"loc":{"start":{"line":111,"column":23},"end":{"line":117,"column":3}},"locations":[{"start":{"line":111,"column":23},"end":{"line":117,"column":3}}]},"8":{"type":"branch","line":114,"loc":{"start":{"line":114,"column":37},"end":{"line":114,"column":61}},"locations":[{"start":{"line":114,"column":37},"end":{"line":114,"column":61}}]},"9":{"type":"branch","line":117,"loc":{"start":{"line":117,"column":2},"end":{"line":120,"column":35}},"locations":[{"start":{"line":117,"column":2},"end":{"line":120,"column":35}}]},"10":{"type":"branch","line":120,"loc":{"start":{"line":120,"column":35},"end":{"line":122,"column":3}},"locations":[{"start":{"line":120,"column":35},"end":{"line":122,"column":3}}]},"11":{"type":"branch","line":122,"loc":{"start":{"line":122,"column":2},"end":{"line":128,"column":40}},"locations":[{"start":{"line":122,"column":2},"end":{"line":128,"column":40}}]},"12":{"type":"branch","line":128,"loc":{"start":{"line":128,"column":40},"end":{"line":133,"column":3}},"locations":[{"start":{"line":128,"column":40},"end":{"line":133,"column":3}}]},"13":{"type":"branch","line":133,"loc":{"start":{"line":133,"column":2},"end":{"line":135,"column":37}},"locations":[{"start":{"line":133,"column":2},"end":{"line":135,"column":37}}]},"14":{"type":"branch","line":135,"loc":{"start":{"line":135,"column":37},"end":{"line":140,"column":3}},"locations":[{"start":{"line":135,"column":37},"end":{"line":140,"column":3}}]},"15":{"type":"branch","line":140,"loc":{"start":{"line":140,"column":2},"end":{"line":145,"column":32}},"locations":[{"start":{"line":140,"column":2},"end":{"line":145,"column":32}}]},"16":{"type":"branch","line":145,"loc":{"start":{"line":145,"column":28},"end":{"line":145,"column":41}},"locations":[{"start":{"line":145,"column":28},"end":{"line":145,"column":41}}]},"17":{"type":"branch","line":145,"loc":{"start":{"line":145,"column":32},"end":{"line":145,"column":50}},"locations":[{"start":{"line":145,"column":32},"end":{"line":145,"column":50}}]},"18":{"type":"branch","line":115,"loc":{"start":{"line":115,"column":38},"end":{"line":115,"column":95}},"locations":[{"start":{"line":115,"column":38},"end":{"line":115,"column":95}}]},"19":{"type":"branch","line":152,"loc":{"start":{"line":152,"column":7},"end":{"line":176,"column":1}},"locations":[{"start":{"line":152,"column":7},"end":{"line":176,"column":1}}]},"20":{"type":"branch","line":159,"loc":{"start":{"line":159,"column":21},"end":{"line":159,"column":33}},"locations":[{"start":{"line":159,"column":21},"end":{"line":159,"column":33}}]},"21":{"type":"branch","line":163,"loc":{"start":{"line":163,"column":6},"end":{"line":163,"column":13}},"locations":[{"start":{"line":163,"column":6},"end":{"line":163,"column":13}}]},"22":{"type":"branch","line":167,"loc":{"start":{"line":167,"column":23},"end":{"line":167,"column":63}},"locations":[{"start":{"line":167,"column":23},"end":{"line":167,"column":63}}]},"23":{"type":"branch","line":167,"loc":{"start":{"line":167,"column":63},"end":{"line":173,"column":3}},"locations":[{"start":{"line":167,"column":63},"end":{"line":173,"column":3}}]},"24":{"type":"branch","line":159,"loc":{"start":{"line":159,"column":33},"end":{"line":163,"column":6}},"locations":[{"start":{"line":159,"column":33},"end":{"line":163,"column":6}}]},"25":{"type":"branch","line":162,"loc":{"start":{"line":162,"column":52},"end":{"line":162,"column":65}},"locations":[{"start":{"line":162,"column":52},"end":{"line":162,"column":65}}]}},"b":{"0":[2],"1":[21],"2":[13],"3":[14],"4":[2],"5":[5],"6":[27],"7":[10],"8":[2],"9":[17],"10":[0],"11":[17],"12":[1],"13":[17],"14":[3],"15":[17],"16":[4],"17":[13],"18":[10],"19":[12],"20":[2],"21":[10],"22":[6],"23":[5],"24":[2],"25":[0]},"fnMap":{"0":{"name":"<instance_members_initializer>","decl":{"start":{"line":77,"column":10},"end":{"line":77,"column":42}},"loc":{"start":{"line":77,"column":10},"end":{"line":77,"column":42}},"line":77},"1":{"name":"has","decl":{"start":{"line":79,"column":2},"end":{"line":81,"column":3}},"loc":{"start":{"line":79,"column":2},"end":{"line":81,"column":3}},"line":79},"2":{"name":"add","decl":{"start":{"line":83,"column":2},"end":{"line":85,"column":3}},"loc":{"start":{"line":83,"column":2},"end":{"line":85,"column":3}},"line":83},"3":{"name":"prune","decl":{"start":{"line":87,"column":2},"end":{"line":92,"column":3}},"loc":{"start":{"line":87,"column":2},"end":{"line":92,"column":3}},"line":87},"4":{"name":"size","decl":{"start":{"line":94,"column":2},"end":{"line":96,"column":3}},"loc":{"start":{"line":94,"column":2},"end":{"line":96,"column":3}},"line":94},"5":{"name":"validateEvidence","decl":{"start":{"line":102,"column":7},"end":{"line":147,"column":1}},"loc":{"start":{"line":102,"column":7},"end":{"line":147,"column":1}},"line":102},"6":{"name":"validateAgainstSession","decl":{"start":{"line":152,"column":7},"end":{"line":176,"column":1}},"loc":{"start":{"line":152,"column":7},"end":{"line":176,"column":1}},"line":152}},"f":{"0":21,"1":13,"2":14,"3":2,"4":5,"5":27,"6":12}}
}
